"-*- Mode: auto-revert -*-"
/workspaces/acl2-jupyter/books/acl2-kernel
HOST: 685e4b1a4e86

Environment variables:
ACL2_CUSTOMIZATION=NONE
ACL2_SYSTEM_BOOKS=/home/acl2/books
ACL2=/home/acl2/saved_acl2
ACL2_USELESS_RUNES=-25

Temp lisp file:
(acl2::value :q)
(acl2::in-package "ACL2")
; see github issue #638 (waterfall-parallelism and profiling): 
#+(and hons (not acl2-par)) (profile-fn 'prove)
#+(and hons (not acl2-par)) (profile-fn 'certify-book-fn)
#+(and hons (not acl2-par)) (profile-fn 'include-book-fn)
(acl2::lp)
(set-debugger-enable :bt)
(acl2::in-package "ACL2")

(set-ld-error-action (quote (:exit 1)) state)
(set-inhibit-output-lst (list (quote prove) (quote proof-tree) (quote warning) (quote observation) (quote event) (quote history)))

(acl2::assign acl2::get-internal-time-as-realtime acl2::t)
#-cmucl (acl2::gc-verbose t)
; instructions from .acl2 file cert.acl2:
; ACL2 Jupyter Kernel
; Copyright (C) 2026
;
; License: MIT

(include-book "portcullis")
; cert-flags: ? t :ttags :all


; Prevent reset-prehistory while loading .port files
(acl2::assign acl2::skip-reset-prehistory acl2::t)
; portculli for included books:
(acl2::ld "kestrel/json-parser/parse-json.port" :dir :SYSTEM :ld-missing-input-ok t :ld-always-skip-top-level-locals t)
(acl2::ld "kestrel/json-parser/parse-json-file.port" :dir :SYSTEM :ld-missing-input-ok t :ld-always-skip-top-level-locals t)
(acl2::ld "kestrel/json-parser/parsed-json.port" :dir :SYSTEM :ld-missing-input-ok t :ld-always-skip-top-level-locals t)
(acl2::ld "std/strings/cat.port" :dir :SYSTEM :ld-missing-input-ok t :ld-always-skip-top-level-locals t)
(acl2::ld "std/strings/decimal.port" :dir :SYSTEM :ld-missing-input-ok t :ld-always-skip-top-level-locals t)
(acl2::ld "std/util/define.port" :dir :SYSTEM :ld-missing-input-ok t :ld-always-skip-top-level-locals t)
(acl2::ld "std/testing/assert-bang.port" :dir :SYSTEM :ld-missing-input-ok t :ld-always-skip-top-level-locals t)
#!ACL2 (set-ld-error-action (quote :continue) state)

; certify-book command flags: ? t :ttags :all
#!ACL2 (er-progn (time$ (certify-book "connection" ? t :ttags :all  ))
                                 (value (prog2$ #+hons (memsum)
                                                 #-hons nil
                                                 (exit 43))))
--- End temp lisp file ---

TARGET: connection
STEP: certify
Start of output:

This is SBCL 2.5.11, an implementation of ANSI Common Lisp.
More information about SBCL is available at <http://www.sbcl.org/>.

SBCL is free software, provided as is, with absolutely no warranty.
It is mostly in the public domain; some portions are provided under
BSD-style licenses.  See the CREDITS and COPYING files in the
distribution for more information.

 ++++++++++++++++++++++++++++++++++++++++++++++++++++++++++++++++++++++++
 + ACL2 Version 8.6+ (a development snapshot based on ACL2 Version 8.6) +
 +   built January 15, 2026  05:18:19.                                  +
 +   (Note from the environment when this executable was saved:         +
 +    jimwhite/acl2 git commit hash: e1e49a9082e4cbbb9667a065762dea73c03f904d) +
 + Copyright (C) 2026, Regents of the University of Texas.              +
 + ACL2 comes with ABSOLUTELY NO WARRANTY.  This is free software and   +
 + you are welcome to redistribute it under certain conditions.  For    +
 + details, see the LICENSE file distributed with ACL2.                 +
 ++++++++++++++++++++++++++++++++++++++++++++++++++++++++++++++++++++++++

Project-dir-alist:
((:SYSTEM . "/home/acl2/books/")).
Type :help for help.
Type (quit) to quit completely out of ACL2.

ACL2 !>
Exiting the ACL2 read-eval-print loop.  To re-enter, execute (LP).
* #<PACKAGE "ACL2">
* 
Project-dir-alist:
((:SYSTEM . "/home/acl2/books/")).
Type :help for help.
Type (quit) to quit completely out of ACL2.

ACL2 !><state>
ACL2 !> "ACL2"
ACL2 !> (:EXIT 1)
ACL2 !> (PROVE PROOF-TREE
        WARNING OBSERVATION EVENT HISTORY)
ACL2 !> T
ACL2 !>GC-VERBOSE is not supported in this Common Lisp.
Contact the ACL2 developers if you would like to help add such support.
NIL
ACL2 !>
Summary
Form:  ( INCLUDE-BOOK "portcullis" ...)
Rules: NIL
Time:  0.02 seconds (prove: 0.00, print: 0.00, other: 0.02)
 "/workspaces/acl2-jupyter/books/acl2-kernel/portcullis.lisp"
ACL2 !> T
ACL2 !>
Project-dir-alist:
((:SYSTEM . "/home/acl2/books/")).
Type :help for help.
Type (quit) to quit completely out of ACL2.

ACL2 !>> "ACL2"
ACL2 !>>
The event ( INCLUDE-BOOK "std/portcullis" ...) is redundant.  See :DOC
redundant-events.

Summary
Form:  ( INCLUDE-BOOK "std/portcullis" ...)
Rules: NIL
Time:  0.00 seconds (prove: 0.00, print: 0.00, other: 0.00)
 :REDUNDANT
ACL2 !>>
Summary
Form:  ( INCLUDE-BOOK "cowles/portcullis" ...)
Rules: NIL
Time:  0.01 seconds (prove: 0.00, print: 0.00, other: 0.01)
 "/home/acl2/books/cowles/portcullis.lisp"
ACL2 !>>
Summary
Form:  ( INCLUDE-BOOK "data-structures/portcullis" ...)
Rules: NIL
Time:  0.02 seconds (prove: 0.00, print: 0.00, other: 0.02)
 "/home/acl2/books/data-structures/portcullis.lisp"
ACL2 !>>Bye.
 :EOF
ACL2 !>
Project-dir-alist:
((:SYSTEM . "/home/acl2/books/")).
Type :help for help.
Type (quit) to quit completely out of ACL2.

ACL2 !>> "ACL2"
ACL2 !>>
The event ( INCLUDE-BOOK "std/portcullis" ...) is redundant.  See :DOC
redundant-events.

Summary
Form:  ( INCLUDE-BOOK "std/portcullis" ...)
Rules: NIL
Time:  0.00 seconds (prove: 0.00, print: 0.00, other: 0.00)
 :REDUNDANT
ACL2 !>>
The event ( INCLUDE-BOOK "cowles/portcullis" ...) is redundant.  See
:DOC redundant-events.

Summary
Form:  ( INCLUDE-BOOK "cowles/portcullis" ...)
Rules: NIL
Time:  0.00 seconds (prove: 0.00, print: 0.00, other: 0.00)
 :REDUNDANT
ACL2 !>>
The event ( INCLUDE-BOOK "data-structures/portcullis" ...) is redundant.
See :DOC redundant-events.

Summary
Form:  ( INCLUDE-BOOK "data-structures/portcullis" ...)
Rules: NIL
Time:  0.00 seconds (prove: 0.00, print: 0.00, other: 0.00)
 :REDUNDANT
ACL2 !>>Bye.
 :EOF
ACL2 !>
Project-dir-alist:
((:SYSTEM . "/home/acl2/books/")).
Type :help for help.
Type (quit) to quit completely out of ACL2.

ACL2 !>> "ACL2"
ACL2 !>>Bye.
 :EOF
ACL2 !>
Project-dir-alist:
((:SYSTEM . "/home/acl2/books/")).
Type :help for help.
Type (quit) to quit completely out of ACL2.

ACL2 !>> "ACL2"
ACL2 !>>
The event ( INCLUDE-BOOK "std/portcullis" ...) is redundant.  See :DOC
redundant-events.

Summary
Form:  ( INCLUDE-BOOK "std/portcullis" ...)
Rules: NIL
Time:  0.00 seconds (prove: 0.00, print: 0.00, other: 0.00)
 :REDUNDANT
ACL2 !>>
The event ( INCLUDE-BOOK "cowles/portcullis" ...) is redundant.  See
:DOC redundant-events.

Summary
Form:  ( INCLUDE-BOOK "cowles/portcullis" ...)
Rules: NIL
Time:  0.00 seconds (prove: 0.00, print: 0.00, other: 0.00)
 :REDUNDANT
ACL2 !>>
The event ( INCLUDE-BOOK "data-structures/portcullis" ...) is redundant.
See :DOC redundant-events.

Summary
Form:  ( INCLUDE-BOOK "data-structures/portcullis" ...)
Rules: NIL
Time:  0.00 seconds (prove: 0.00, print: 0.00, other: 0.00)
 :REDUNDANT
ACL2 !>>
Summary
Form:  ( INCLUDE-BOOK "centaur/fty/portcullis" ...)
Rules: NIL
Time:  0.01 seconds (prove: 0.00, print: 0.00, other: 0.01)
 "/home/acl2/books/centaur/fty/portcullis.lisp"
ACL2 !>>Bye.
 :EOF
ACL2 !>
Project-dir-alist:
((:SYSTEM . "/home/acl2/books/")).
Type :help for help.
Type (quit) to quit completely out of ACL2.

ACL2 !>> "ACL2"
ACL2 !>>
The event ( INCLUDE-BOOK "std/portcullis" ...) is redundant.  See :DOC
redundant-events.

Summary
Form:  ( INCLUDE-BOOK "std/portcullis" ...)
Rules: NIL
Time:  0.00 seconds (prove: 0.00, print: 0.00, other: 0.00)
 :REDUNDANT
ACL2 !>>
The event ( INCLUDE-BOOK "cowles/portcullis" ...) is redundant.  See
:DOC redundant-events.

Summary
Form:  ( INCLUDE-BOOK "cowles/portcullis" ...)
Rules: NIL
Time:  0.00 seconds (prove: 0.00, print: 0.00, other: 0.00)
 :REDUNDANT
ACL2 !>>
The event ( INCLUDE-BOOK "data-structures/portcullis" ...) is redundant.
See :DOC redundant-events.

Summary
Form:  ( INCLUDE-BOOK "data-structures/portcullis" ...)
Rules: NIL
Time:  0.00 seconds (prove: 0.00, print: 0.00, other: 0.00)
 :REDUNDANT
ACL2 !>>
The event ( INCLUDE-BOOK "centaur/fty/portcullis" ...) is redundant.
See :DOC redundant-events.

Summary
Form:  ( INCLUDE-BOOK "centaur/fty/portcullis" ...)
Rules: NIL
Time:  0.00 seconds (prove: 0.00, print: 0.00, other: 0.00)
 :REDUNDANT
ACL2 !>>Bye.
 :EOF
ACL2 !>
Project-dir-alist:
((:SYSTEM . "/home/acl2/books/")).
Type :help for help.
Type (quit) to quit completely out of ACL2.

ACL2 !>> "ACL2"
ACL2 !>>
The event ( INCLUDE-BOOK "../portcullis" ...) is redundant.  See :DOC
redundant-events.

Summary
Form:  ( INCLUDE-BOOK "../portcullis" ...)
Rules: NIL
Time:  0.00 seconds (prove: 0.00, print: 0.00, other: 0.00)
 :REDUNDANT
ACL2 !>>Bye.
 :EOF
ACL2 !>
Project-dir-alist:
((:SYSTEM . "/home/acl2/books/")).
Type :help for help.
Type (quit) to quit completely out of ACL2.

ACL2 !>> "ACL2"
ACL2 !>>
The event ( INCLUDE-BOOK "std/portcullis" ...) is redundant.  See :DOC
redundant-events.

Summary
Form:  ( INCLUDE-BOOK "std/portcullis" ...)
Rules: NIL
Time:  0.00 seconds (prove: 0.00, print: 0.00, other: 0.00)
 :REDUNDANT
ACL2 !>>Bye.
 :EOF
ACL2 !> :CONTINUE
ACL2 !>
Summary
Form:  ( ACL2::INCLUDE-BOOK "kestrel/json-parser/parse-json" ...)
Rules: NIL
Time:  0.04 seconds (prove: 0.00, print: 0.00, other: 0.04)
"/home/acl2/books/kestrel/json-parser/parse-json.lisp"

Summary
Form:  ( ACL2::INCLUDE-BOOK "kestrel/json-parser/parse-json-file" ...)
Rules: NIL
Time:  0.00 seconds (prove: 0.00, print: 0.00, other: 0.00)
"/home/acl2/books/kestrel/json-parser/parse-json-file.lisp"

The event ( ACL2::INCLUDE-BOOK "kestrel/json-parser/parsed-json" ...)
is redundant.  See :DOC redundant-events.

Summary
Form:  ( ACL2::INCLUDE-BOOK "kestrel/json-parser/parsed-json" ...)
Rules: NIL
Time:  0.00 seconds (prove: 0.00, print: 0.00, other: 0.00)
:REDUNDANT

Summary
Form:  ( ACL2::INCLUDE-BOOK "std/strings/cat" ...)
Rules: NIL
Time:  0.10 seconds (prove: 0.00, print: 0.00, other: 0.10)
"/home/acl2/books/std/strings/cat.lisp"

Summary
Form:  ( ACL2::INCLUDE-BOOK "std/strings/decimal" ...)
Rules: NIL
Time:  0.02 seconds (prove: 0.00, print: 0.00, other: 0.02)
"/home/acl2/books/std/strings/decimal.lisp"

The event ( ACL2::INCLUDE-BOOK "std/util/define" ...) is redundant.
See :DOC redundant-events.

Summary
Form:  ( ACL2::INCLUDE-BOOK "std/util/define" ...)
Rules: NIL
Time:  0.00 seconds (prove: 0.00, print: 0.00, other: 0.00)
:REDUNDANT

Summary
Form:  ( ACL2::INCLUDE-BOOK "std/testing/assert-bang" ...)
Rules: NIL
Time:  0.00 seconds (prove: 0.00, print: 0.00, other: 0.00)
"/home/acl2/books/std/testing/assert-bang.lisp"
Goal'

Summary
Form:  ( DEFTHM ALISTP-WHEN-PARSED-JSON-OBJECTP ...)
Rules: ((:DEFINITION LEN)
        (:DEFINITION NOT)
        (:DEFINITION ACL2::PARSED-JSON-OBJECTP)
        (:DEFINITION TRUE-LISTP)
        (:EXECUTABLE-COUNTERPART TAU-SYSTEM)
        (:FAKE-RUNE-FOR-TYPE-SET NIL)
        (:TYPE-PRESCRIPTION ALISTP))
Time:  0.00 seconds (prove: 0.00, print: 0.00, other: 0.00)
Prover steps counted:  261
ALISTP-WHEN-PARSED-JSON-OBJECTP
Subgoal 2
Subgoal 1

Summary
Form:  ( DEFTHM PARSED-JSON-OBJECTP-COMPOUND-RECOGNIZER ...)
Rules: ((:DEFINITION LEN)
        (:DEFINITION ACL2::PARSED-JSON-OBJECTP)
        (:DEFINITION TRUE-LISTP)
        (:EXECUTABLE-COUNTERPART BINARY-+)
        (:EXECUTABLE-COUNTERPART EQUAL)
        (:EXECUTABLE-COUNTERPART LEN)
        (:FAKE-RUNE-FOR-TYPE-SET NIL)
        (:TYPE-PRESCRIPTION ACL2::PARSED-JSON-OBJECTP))
Time:  0.00 seconds (prove: 0.00, print: 0.00, other: 0.00)
Prover steps counted:  223
PARSED-JSON-OBJECTP-COMPOUND-RECOGNIZER

Summary
Form:  ( ENCAPSULATE NIL (DEFTHM ALISTP-WHEN-PARSED-JSON-OBJECTP ...)
...)
Rules: NIL
Time:  0.00 seconds (prove: 0.00, print: 0.00, other: 0.00)
Prover steps counted:  484
T

Summary
Form:  ( DEFUN JSON-OBJECT-PAIRS ...)
Rules: ((:DEFINITION NOT)
        (:EXECUTABLE-COUNTERPART TAU-SYSTEM))
Time:  0.00 seconds (prove: 0.00, print: 0.00, other: 0.00)
Prover steps counted:  28
Goal'

Summary
Form:  ( DEFTHM ALISTP-OF-JSON-OBJECT-PAIRS ...)
Rules: ((:COMPOUND-RECOGNIZER PARSED-JSON-OBJECTP-COMPOUND-RECOGNIZER)
        (:DEFINITION JSON-OBJECT-PAIRS)
        (:REWRITE ALISTP-WHEN-PARSED-JSON-OBJECTP)
        (:TYPE-PRESCRIPTION ALISTP))
Time:  0.00 seconds (prove: 0.00, print: 0.00, other: 0.00)
Prover steps counted:  41
ALISTP-OF-JSON-OBJECT-PAIRS

Summary
Form:  ( PROGN (DEFTHM ALISTP-OF-JSON-OBJECT-PAIRS ...) ...)
Rules: NIL
Time:  0.00 seconds (prove: 0.00, print: 0.00, other: 0.00)
Prover steps counted:  41
JSON-OBJECT-PAIRS

Summary
Form:  ( DEFUN JSON-LOOKUP ...)
Rules: ((:FORWARD-CHAINING CONSP-ASSOC-EQUAL)
        (:TYPE-PRESCRIPTION ALISTP))
Time:  0.00 seconds (prove: 0.00, print: 0.00, other: 0.00)
JSON-LOOKUP

Summary
Form:  ( DEFUN JSON-GET-STRING ...)
Rules: ((:DEFINITION NOT)
        (:EXECUTABLE-COUNTERPART TAU-SYSTEM))
Time:  0.00 seconds (prove: 0.00, print: 0.00, other: 0.00)
Prover steps counted:  31
JSON-GET-STRING

Summary
Form:  ( DEFUN JSON-GET-INTEGER ...)
Rules: ((:DEFINITION NOT)
        (:EXECUTABLE-COUNTERPART TAU-SYSTEM))
Time:  0.00 seconds (prove: 0.00, print: 0.00, other: 0.00)
Prover steps counted:  31
JSON-GET-INTEGER
Subgoal 3
Subgoal 2
Subgoal 1

Summary
Form:  ( DEFUN CONNECTION-CONFIG-P ...)
Rules: ((:DEFINITION NOT)
        (:EXECUTABLE-COUNTERPART TAU-SYSTEM)
        (:FORWARD-CHAINING CONSP-ASSOC-EQUAL)
        (:REWRITE ACL2::ASSOC-EQ-EXEC-IS-ASSOC-EQUAL)
        (:TYPE-PRESCRIPTION ALISTP))
Time:  0.00 seconds (prove: 0.00, print: 0.00, other: 0.00)
Prover steps counted:  289
CONNECTION-CONFIG-P

Summary
Form:  ( DEFUN PARSE-CONNECTION-JSON ...)
Rules: ((:DEFINITION NOT)
        (:EXECUTABLE-COUNTERPART TAU-SYSTEM)
        (:FAKE-RUNE-FOR-TYPE-SET NIL))
Time:  0.00 seconds (prove: 0.00, print: 0.00, other: 0.00)
Prover steps counted:  25
Goal'
Subgoal 2
Subgoal 1

Summary
Form:  ( DEFTHM ALISTP-OF-PARSE-CONNECTION-JSON ...)
Rules: ((:DEFINITION ALISTP)
        (:DEFINITION PARSE-CONNECTION-JSON)
        (:EXECUTABLE-COUNTERPART ALISTP)
        (:FAKE-RUNE-FOR-TYPE-SET NIL)
        (:REWRITE CAR-CONS)
        (:REWRITE CDR-CONS)
        (:TYPE-PRESCRIPTION ALISTP))
Time:  0.00 seconds (prove: 0.00, print: 0.00, other: 0.00)
Prover steps counted:  849
ALISTP-OF-PARSE-CONNECTION-JSON

Summary
Form:  ( PROGN (DEFTHM ALISTP-OF-PARSE-CONNECTION-JSON ...) ...)
Rules: NIL
Time:  0.00 seconds (prove: 0.00, print: 0.00, other: 0.00)
Prover steps counted:  849
PARSE-CONNECTION-JSON
Goal'

Summary
Form:  ( DEFUN BUILD-TCP-ENDPOINT ...)
Rules: ((:COMPOUND-RECOGNIZER ACL2::NATP-COMPOUND-RECOGNIZER)
        (:DEFINITION NFIX)
        (:DEFINITION NOT)
        (:DEFINITION STRING-LISTP)
        (:EXECUTABLE-COUNTERPART STRING-LISTP)
        (:EXECUTABLE-COUNTERPART STRINGP)
        (:FAKE-RUNE-FOR-TYPE-SET NIL)
        (:REWRITE CAR-CONS)
        (:REWRITE CDR-CONS)
        (:TYPE-PRESCRIPTION STR::FAST-STRING-APPEND-LST)
        (:TYPE-PRESCRIPTION STR::STRINGP-OF-NAT-TO-DEC-STRING))
Time:  0.00 seconds (prove: 0.00, print: 0.00, other: 0.00)
Prover steps counted:  196

Summary
Form:  ( DEFTHM STRINGP-OF-BUILD-TCP-ENDPOINT ...)
Rules: ((:TYPE-PRESCRIPTION BUILD-TCP-ENDPOINT))
Time:  0.00 seconds (prove: 0.00, print: 0.00, other: 0.00)
STRINGP-OF-BUILD-TCP-ENDPOINT

Summary
Form:  ( PROGN (DEFTHM STRINGP-OF-BUILD-TCP-ENDPOINT ...) ...)
Rules: NIL
Time:  0.00 seconds (prove: 0.00, print: 0.00, other: 0.00)
BUILD-TCP-ENDPOINT

Summary
Form:  ( DEFUN BUILD-IPC-ENDPOINT ...)
Rules: ((:TYPE-PRESCRIPTION STR::FAST-STRING-APPEND))
Time:  0.00 seconds (prove: 0.00, print: 0.00, other: 0.00)

Summary
Form:  ( DEFTHM STRINGP-OF-BUILD-IPC-ENDPOINT ...)
Rules: ((:TYPE-PRESCRIPTION BUILD-IPC-ENDPOINT))
Time:  0.00 seconds (prove: 0.00, print: 0.00, other: 0.00)
STRINGP-OF-BUILD-IPC-ENDPOINT

Summary
Form:  ( PROGN (DEFTHM STRINGP-OF-BUILD-IPC-ENDPOINT ...) ...)
Rules: NIL
Time:  0.00 seconds (prove: 0.00, print: 0.00, other: 0.00)
BUILD-IPC-ENDPOINT
Goal'

Summary
Form:  ( DEFUN CONNECTION-ENDPOINT ...)
Rules: ((:DEFINITION NOT)
        (:EXECUTABLE-COUNTERPART EQUAL)
        (:EXECUTABLE-COUNTERPART NOT)
        (:EXECUTABLE-COUNTERPART SYMBOLP)
        (:FORWARD-CHAINING CONSP-ASSOC-EQUAL)
        (:REWRITE ACL2::ASSOC-EQ-EXEC-IS-ASSOC-EQUAL)
        (:TYPE-PRESCRIPTION ALISTP)
        (:TYPE-PRESCRIPTION BUILD-IPC-ENDPOINT)
        (:TYPE-PRESCRIPTION BUILD-TCP-ENDPOINT))
Time:  0.00 seconds (prove: 0.00, print: 0.00, other: 0.00)
Prover steps counted:  745

Summary
Form:  ( DEFTHM STRINGP-OF-CONNECTION-ENDPOINT ...)
Rules: ((:TYPE-PRESCRIPTION CONNECTION-ENDPOINT))
Time:  0.00 seconds (prove: 0.00, print: 0.00, other: 0.00)
STRINGP-OF-CONNECTION-ENDPOINT

Summary
Form:  ( PROGN (DEFTHM STRINGP-OF-CONNECTION-ENDPOINT ...) ...)
Rules: NIL
Time:  0.00 seconds (prove: 0.00, print: 0.00, other: 0.00)
CONNECTION-ENDPOINT

Summary
Form:  ( DEFUN PARSE-CONNECTION-FILE ...)
Rules: NIL
Time:  0.00 seconds (prove: 0.00, print: 0.00, other: 0.00)
PARSE-CONNECTION-FILE

Summary
Form:  ( DEFCONST *TEST-TCP-JSON* ...)
Rules: NIL
Time:  0.00 seconds (prove: 0.00, print: 0.00, other: 0.00)
*TEST-TCP-JSON*

Summary
Form:  ( DEFCONST *TEST-PARSED* ...)
Rules: NIL
Time:  0.00 seconds (prove: 0.00, print: 0.00, other: 0.00)
*TEST-PARSED*

Summary
Form:  ( DEFCONST *TEST-CONFIG* ...)
Rules: NIL
Time:  0.00 seconds (prove: 0.00, print: 0.00, other: 0.00)
*TEST-CONFIG*
:PASSED
:PASSED
:PASSED
:PASSED
:PASSED
:PASSED
:PASSED
:PASSED
:PASSED

Summary
Form:  ( PROGN (DEFCONST *TEST-TCP-JSON* ...) ...)
Rules: NIL
Time:  0.00 seconds (prove: 0.00, print: 0.00, other: 0.00)
:PASSED

Summary
Form:  ( INCLUDE-BOOK "connection" ...)
Rules: NIL
Time:  0.01 seconds (prove: 0.00, print: 0.00, other: 0.01)



Summary
Form:  (CERTIFY-BOOK "connection" ...)
Rules: NIL
Time:  0.23 seconds (prove: 0.01, print: 0.00, other: 0.22)
Prover steps counted:  2719
; (EV-REC *RETURN-LAST-ARG3* ...) took 
; 0.23 seconds realtime, 0.21 seconds runtime
; (109,228,592 bytes allocated).
Exit code from ACL2 is 43
-rw-r--r-- 1 jovyan users 46031 Jan 16 02:40 connection.cert
