"-*- Mode: auto-revert -*-"
/workspaces/acl2-jupyter/books/acl2-kernel
HOST: 685e4b1a4e86

Environment variables:
ACL2_CUSTOMIZATION=NONE
ACL2_SYSTEM_BOOKS=/home/acl2/books
ACL2=/home/acl2/saved_acl2
ACL2_USELESS_RUNES=-25

Temp lisp file:
(acl2::value :q)
(acl2::in-package "ACL2")
; see github issue #638 (waterfall-parallelism and profiling): 
#+(and hons (not acl2-par)) (profile-fn 'prove)
#+(and hons (not acl2-par)) (profile-fn 'certify-book-fn)
#+(and hons (not acl2-par)) (profile-fn 'include-book-fn)
(acl2::lp)
(set-debugger-enable :bt)
(acl2::in-package "ACL2")

(set-ld-error-action (quote (:exit 1)) state)
(set-inhibit-output-lst (list (quote prove) (quote proof-tree) (quote warning) (quote observation) (quote event) (quote history)))

(acl2::assign acl2::get-internal-time-as-realtime acl2::t)
#-cmucl (acl2::gc-verbose t)
; instructions from .acl2 file cert.acl2:
; ACL2 Jupyter Kernel
; Copyright (C) 2026
;
; License: MIT

(include-book "portcullis")
; cert-flags: ? t :ttags :all


; Prevent reset-prehistory while loading .port files
(acl2::assign acl2::skip-reset-prehistory acl2::t)
; portculli for included books:
(acl2::ld "std/util/defines.port" :dir :SYSTEM :ld-missing-input-ok t :ld-always-skip-top-level-locals t)
(acl2::ld "std/strings/cat.port" :dir :SYSTEM :ld-missing-input-ok t :ld-always-skip-top-level-locals t)
(acl2::ld "std/strings/decimal.port" :dir :SYSTEM :ld-missing-input-ok t :ld-always-skip-top-level-locals t)
(acl2::ld "std/basic/two-nats-measure.port" :dir :SYSTEM :ld-missing-input-ok t :ld-always-skip-top-level-locals t)
(acl2::ld "std/strings/explode-atom.port" :dir :SYSTEM :ld-missing-input-ok t :ld-always-skip-top-level-locals t)
(acl2::ld "std/testing/assert-bang.port" :dir :SYSTEM :ld-missing-input-ok t :ld-always-skip-top-level-locals t)
(acl2::ld "std/typed-lists/character-listp.port" :dir :SYSTEM :ld-missing-input-ok t :ld-always-skip-top-level-locals t)
(acl2::ld "arithmetic/top.port" :dir :SYSTEM :ld-missing-input-ok t :ld-always-skip-top-level-locals t)
#!ACL2 (set-ld-error-action (quote :continue) state)

; certify-book command flags: ? t :ttags :all
#!ACL2 (er-progn (time$ (certify-book "json" ? t :ttags :all  ))
                                 (value (prog2$ #+hons (memsum)
                                                 #-hons nil
                                                 (exit 43))))
--- End temp lisp file ---

TARGET: json
STEP: certify
Start of output:

This is SBCL 2.5.11, an implementation of ANSI Common Lisp.
More information about SBCL is available at <http://www.sbcl.org/>.

SBCL is free software, provided as is, with absolutely no warranty.
It is mostly in the public domain; some portions are provided under
BSD-style licenses.  See the CREDITS and COPYING files in the
distribution for more information.

 ++++++++++++++++++++++++++++++++++++++++++++++++++++++++++++++++++++++++
 + ACL2 Version 8.6+ (a development snapshot based on ACL2 Version 8.6) +
 +   built January 15, 2026  05:18:19.                                  +
 +   (Note from the environment when this executable was saved:         +
 +    jimwhite/acl2 git commit hash: e1e49a9082e4cbbb9667a065762dea73c03f904d) +
 + Copyright (C) 2026, Regents of the University of Texas.              +
 + ACL2 comes with ABSOLUTELY NO WARRANTY.  This is free software and   +
 + you are welcome to redistribute it under certain conditions.  For    +
 + details, see the LICENSE file distributed with ACL2.                 +
 ++++++++++++++++++++++++++++++++++++++++++++++++++++++++++++++++++++++++

Project-dir-alist:
((:SYSTEM . "/home/acl2/books/")).
Type :help for help.
Type (quit) to quit completely out of ACL2.

ACL2 !>
Exiting the ACL2 read-eval-print loop.  To re-enter, execute (LP).
* #<PACKAGE "ACL2">
* 
Project-dir-alist:
((:SYSTEM . "/home/acl2/books/")).
Type :help for help.
Type (quit) to quit completely out of ACL2.

ACL2 !><state>
ACL2 !> "ACL2"
ACL2 !> (:EXIT 1)
ACL2 !> (PROVE PROOF-TREE
        WARNING OBSERVATION EVENT HISTORY)
ACL2 !> T
ACL2 !>GC-VERBOSE is not supported in this Common Lisp.
Contact the ACL2 developers if you would like to help add such support.
NIL
ACL2 !>
Summary
Form:  ( INCLUDE-BOOK "portcullis" ...)
Rules: NIL
Time:  0.03 seconds (prove: 0.00, print: 0.00, other: 0.03)
 "/workspaces/acl2-jupyter/books/acl2-kernel/portcullis.lisp"
ACL2 !> T
ACL2 !>
Project-dir-alist:
((:SYSTEM . "/home/acl2/books/")).
Type :help for help.
Type (quit) to quit completely out of ACL2.

ACL2 !>> "ACL2"
ACL2 !>>
The event ( INCLUDE-BOOK "../portcullis" ...) is redundant.  See :DOC
redundant-events.

Summary
Form:  ( INCLUDE-BOOK "../portcullis" ...)
Rules: NIL
Time:  0.00 seconds (prove: 0.00, print: 0.00, other: 0.00)
 :REDUNDANT
ACL2 !>>Bye.
 :EOF
ACL2 !>
Project-dir-alist:
((:SYSTEM . "/home/acl2/books/")).
Type :help for help.
Type (quit) to quit completely out of ACL2.

ACL2 !>> "ACL2"
ACL2 !>>
The event ( INCLUDE-BOOK "std/portcullis" ...) is redundant.  See :DOC
redundant-events.

Summary
Form:  ( INCLUDE-BOOK "std/portcullis" ...)
Rules: NIL
Time:  0.00 seconds (prove: 0.00, print: 0.00, other: 0.00)
 :REDUNDANT
ACL2 !>>
Summary
Form:  ( INCLUDE-BOOK "cowles/portcullis" ...)
Rules: NIL
Time:  0.01 seconds (prove: 0.00, print: 0.00, other: 0.01)
 "/home/acl2/books/cowles/portcullis.lisp"
ACL2 !>>
Summary
Form:  ( INCLUDE-BOOK "data-structures/portcullis" ...)
Rules: NIL
Time:  0.02 seconds (prove: 0.00, print: 0.00, other: 0.02)
 "/home/acl2/books/data-structures/portcullis.lisp"
ACL2 !>>
Summary
Form:  ( INCLUDE-BOOK "centaur/fty/portcullis" ...)
Rules: NIL
Time:  0.01 seconds (prove: 0.00, print: 0.00, other: 0.01)
 "/home/acl2/books/centaur/fty/portcullis.lisp"
ACL2 !>>Bye.
 :EOF
ACL2 !>
Project-dir-alist:
((:SYSTEM . "/home/acl2/books/")).
Type :help for help.
Type (quit) to quit completely out of ACL2.

ACL2 !>> "ACL2"
ACL2 !>>
The event ( INCLUDE-BOOK "std/portcullis" ...) is redundant.  See :DOC
redundant-events.

Summary
Form:  ( INCLUDE-BOOK "std/portcullis" ...)
Rules: NIL
Time:  0.00 seconds (prove: 0.00, print: 0.00, other: 0.00)
 :REDUNDANT
ACL2 !>>
The event ( INCLUDE-BOOK "cowles/portcullis" ...) is redundant.  See
:DOC redundant-events.

Summary
Form:  ( INCLUDE-BOOK "cowles/portcullis" ...)
Rules: NIL
Time:  0.00 seconds (prove: 0.00, print: 0.00, other: 0.00)
 :REDUNDANT
ACL2 !>>
The event ( INCLUDE-BOOK "data-structures/portcullis" ...) is redundant.
See :DOC redundant-events.

Summary
Form:  ( INCLUDE-BOOK "data-structures/portcullis" ...)
Rules: NIL
Time:  0.00 seconds (prove: 0.00, print: 0.00, other: 0.00)
 :REDUNDANT
ACL2 !>>
The event ( INCLUDE-BOOK "centaur/fty/portcullis" ...) is redundant.
See :DOC redundant-events.

Summary
Form:  ( INCLUDE-BOOK "centaur/fty/portcullis" ...)
Rules: NIL
Time:  0.00 seconds (prove: 0.00, print: 0.00, other: 0.00)
 :REDUNDANT
ACL2 !>>Bye.
 :EOF
ACL2 !>
Project-dir-alist:
((:SYSTEM . "/home/acl2/books/")).
Type :help for help.
Type (quit) to quit completely out of ACL2.

ACL2 !>> "ACL2"
ACL2 !>>
The event ( INCLUDE-BOOK "std/portcullis" ...) is redundant.  See :DOC
redundant-events.

Summary
Form:  ( INCLUDE-BOOK "std/portcullis" ...)
Rules: NIL
Time:  0.00 seconds (prove: 0.00, print: 0.00, other: 0.00)
 :REDUNDANT
ACL2 !>>Bye.
 :EOF
ACL2 !>
Project-dir-alist:
((:SYSTEM . "/home/acl2/books/")).
Type :help for help.
Type (quit) to quit completely out of ACL2.

ACL2 !>> "ACL2"
ACL2 !>>
The event ( INCLUDE-BOOK "std/portcullis" ...) is redundant.  See :DOC
redundant-events.

Summary
Form:  ( INCLUDE-BOOK "std/portcullis" ...)
Rules: NIL
Time:  0.00 seconds (prove: 0.00, print: 0.00, other: 0.00)
 :REDUNDANT
ACL2 !>>
The event ( INCLUDE-BOOK "cowles/portcullis" ...) is redundant.  See
:DOC redundant-events.

Summary
Form:  ( INCLUDE-BOOK "cowles/portcullis" ...)
Rules: NIL
Time:  0.00 seconds (prove: 0.00, print: 0.00, other: 0.00)
 :REDUNDANT
ACL2 !>>
The event ( INCLUDE-BOOK "data-structures/portcullis" ...) is redundant.
See :DOC redundant-events.

Summary
Form:  ( INCLUDE-BOOK "data-structures/portcullis" ...)
Rules: NIL
Time:  0.00 seconds (prove: 0.00, print: 0.00, other: 0.00)
 :REDUNDANT
ACL2 !>>
The event ( INCLUDE-BOOK "centaur/fty/portcullis" ...) is redundant.
See :DOC redundant-events.

Summary
Form:  ( INCLUDE-BOOK "centaur/fty/portcullis" ...)
Rules: NIL
Time:  0.00 seconds (prove: 0.00, print: 0.00, other: 0.00)
 :REDUNDANT
ACL2 !>>Bye.
 :EOF
ACL2 !>
Project-dir-alist:
((:SYSTEM . "/home/acl2/books/")).
Type :help for help.
Type (quit) to quit completely out of ACL2.

ACL2 !>> "ACL2"
ACL2 !>>
The event ( INCLUDE-BOOK "std/portcullis" ...) is redundant.  See :DOC
redundant-events.

Summary
Form:  ( INCLUDE-BOOK "std/portcullis" ...)
Rules: NIL
Time:  0.00 seconds (prove: 0.00, print: 0.00, other: 0.00)
 :REDUNDANT
ACL2 !>>Bye.
 :EOF
ACL2 !>
Project-dir-alist:
((:SYSTEM . "/home/acl2/books/")).
Type :help for help.
Type (quit) to quit completely out of ACL2.

ACL2 !>> "ACL2"
ACL2 !>>
Summary
Form:  ( INCLUDE-BOOK "portcullis" ...)
Rules: NIL
Time:  0.00 seconds (prove: 0.00, print: 0.00, other: 0.00)
 "/home/acl2/books/std/typed-lists/portcullis.lisp"
ACL2 !>>
The event ( INCLUDE-BOOK "cowles/portcullis" ...) is redundant.  See
:DOC redundant-events.

Summary
Form:  ( INCLUDE-BOOK "cowles/portcullis" ...)
Rules: NIL
Time:  0.00 seconds (prove: 0.00, print: 0.00, other: 0.00)
 :REDUNDANT
ACL2 !>>
The event ( INCLUDE-BOOK "data-structures/portcullis" ...) is redundant.
See :DOC redundant-events.

Summary
Form:  ( INCLUDE-BOOK "data-structures/portcullis" ...)
Rules: NIL
Time:  0.00 seconds (prove: 0.00, print: 0.00, other: 0.00)
 :REDUNDANT
ACL2 !>>Bye.
 :EOF
ACL2 !>
Project-dir-alist:
((:SYSTEM . "/home/acl2/books/")).
Type :help for help.
Type (quit) to quit completely out of ACL2.

ACL2 !>> "ACL2"
ACL2 !>>
The event ( INCLUDE-BOOK "std/portcullis" ...) is redundant.  See :DOC
redundant-events.

Summary
Form:  ( INCLUDE-BOOK "std/portcullis" ...)
Rules: NIL
Time:  0.00 seconds (prove: 0.00, print: 0.00, other: 0.00)
 :REDUNDANT
ACL2 !>>
The event ( INCLUDE-BOOK "cowles/portcullis" ...) is redundant.  See
:DOC redundant-events.

Summary
Form:  ( INCLUDE-BOOK "cowles/portcullis" ...)
Rules: NIL
Time:  0.00 seconds (prove: 0.00, print: 0.00, other: 0.00)
 :REDUNDANT
ACL2 !>>Bye.
 :EOF
ACL2 !> :CONTINUE
ACL2 !>
Summary
Form:  ( ACL2::INCLUDE-BOOK "std/util/defines" ...)
Rules: NIL
Time:  0.04 seconds (prove: 0.00, print: 0.00, other: 0.04)
"/home/acl2/books/std/util/defines.lisp"

Summary
Form:  ( ACL2::INCLUDE-BOOK "std/strings/cat" ...)
Rules: NIL
Time:  0.05 seconds (prove: 0.00, print: 0.00, other: 0.05)
"/home/acl2/books/std/strings/cat.lisp"

Summary
Form:  ( ACL2::INCLUDE-BOOK "std/strings/decimal" ...)
Rules: NIL
Time:  0.02 seconds (prove: 0.00, print: 0.00, other: 0.02)
"/home/acl2/books/std/strings/decimal.lisp"

Summary
Form:  ( ACL2::INCLUDE-BOOK "std/basic/two-nats-measure" ...)
Rules: NIL
Time:  0.00 seconds (prove: 0.00, print: 0.00, other: 0.00)
"/home/acl2/books/std/basic/two-nats-measure.lisp"

Summary
Form:  ( ACL2::INCLUDE-BOOK "std/strings/explode-atom" ...)
Rules: NIL
Time:  0.00 seconds (prove: 0.00, print: 0.00, other: 0.00)
"/home/acl2/books/std/strings/explode-atom.lisp"

Summary
Form:  ( ACL2::INCLUDE-BOOK "std/testing/assert-bang" ...)
Rules: NIL
Time:  0.00 seconds (prove: 0.00, print: 0.00, other: 0.00)
"/home/acl2/books/std/testing/assert-bang.lisp"

Summary
Form:  ( ACL2::INCLUDE-BOOK "std/typed-lists/character-listp" ...)
Rules: NIL
Time:  0.05 seconds (prove: 0.00, print: 0.00, other: 0.05)
"/home/acl2/books/std/typed-lists/character-listp.lisp"

Summary
Form:  ( ACL2::INCLUDE-BOOK "arithmetic/top" ...)
Rules: NIL
Time:  0.01 seconds (prove: 0.00, print: 0.00, other: 0.01)
"/home/acl2/books/arithmetic/top.lisp"
JSON-ENCODING

Summary
Form:  ( TABLE ACL2::XDOC ...)
Rules: NIL
Time:  0.00 seconds (prove: 0.00, print: 0.00, other: 0.00)
ACL2::XDOC
Goal'
Subgoal 2
Subgoal 2.4
Subgoal 2.3
Subgoal 2.2
Subgoal 2.1
Subgoal 1
Subgoal 1.4
Subgoal 1.3
Subgoal 1.2
Subgoal 1.1
Subgoal *8/7
Subgoal *8/7'
Subgoal *8/7.2
Subgoal *8/7.2'
Subgoal *8/7.2''
Subgoal *8/7.2'''
Subgoal *8/7.2'4'
Subgoal *8/7.2'5'
Subgoal *8/7.1
Subgoal *8/7.1'
Subgoal *8/7.1''
Subgoal *8/7.1'''
Subgoal *8/7.1'4'
Subgoal *8/7.1'5'
Subgoal *8/6
Subgoal *8/6'
Subgoal *8/6.2
Subgoal *8/6.1
Subgoal *8/6.1'
Subgoal *8/6.1''
Subgoal *8/6.1'''
Subgoal *8/6.1'4'
Subgoal *8/6.1'5'
Subgoal *8/5
Subgoal *8/4
Subgoal *8/4'
Subgoal *8/4.2
Subgoal *8/4.1
Subgoal *8/4.1'
Subgoal *8/4.1''
Subgoal *8/4.1'''
Subgoal *8/4.1'4'
Subgoal *8/3
Subgoal *8/2
Subgoal *8/1
Subgoal *8.4/7
Subgoal *8.4/7'
Subgoal *8.4/7.2
Subgoal *8.4/7.2'
Subgoal *8.4/7.2''
Subgoal *8.4/7.2'''
Subgoal *8.4/7.1
Subgoal *8.4/7.1'
Subgoal *8.4/7.1''
Subgoal *8.4/7.1'''
Subgoal *8.4/7.1'4'
Subgoal *8.4/7.1'5'
Subgoal *8.4/6
Subgoal *8.4/6'
Subgoal *8.4/6.2
Subgoal *8.4/6.2'
Subgoal *8.4/6.2''
Subgoal *8.4/6.2'''
Subgoal *8.4/6.1
Subgoal *8.4/6.1'
Subgoal *8.4/6.1''
Subgoal *8.4/6.1'''
Subgoal *8.4/6.1'4'
Subgoal *8.4/6.1'5'
Subgoal *8.4/5
Subgoal *8.4/5'
Subgoal *8.4/5''
Subgoal *8.4/4
Subgoal *8.4/3
Subgoal *8.4/2
Subgoal *8.4/1
Subgoal *8.4.4/7
Subgoal *8.4.4/7'
Subgoal *8.4.4/7.2
Subgoal *8.4.4/7.2'
Subgoal *8.4.4/7.2''
Subgoal *8.4.4/7.1
Subgoal *8.4.4/7.1'
Subgoal *8.4.4/7.1''
Subgoal *8.4.4/7.1'''
Subgoal *8.4.4/7.1'4'
Subgoal *8.4.4/7.1'5'
Subgoal *8.4.4/6
Subgoal *8.4.4/6'
Subgoal *8.4.4/6.2
Subgoal *8.4.4/6.1
Subgoal *8.4.4/6.1'
Subgoal *8.4.4/6.1''
Subgoal *8.4.4/6.1'''
Subgoal *8.4.4/6.1'4'
Subgoal *8.4.4/5
Subgoal *8.4.4/4
Subgoal *8.4.4/3
Subgoal *8.4.4/2
Subgoal *8.4.4/1
Subgoal *8.4.4.3/7
Subgoal *8.4.4.3/7'
Subgoal *8.4.4.3/6
Subgoal *8.4.4.3/6'
Subgoal *8.4.4.3/5
Subgoal *8.4.4.3/5'
Subgoal *8.4.4.3/5''
Subgoal *8.4.4.3/4
Subgoal *8.4.4.3/3
Subgoal *8.4.4.3/2
Subgoal *8.4.4.3/1
Subgoal *8.4.4.2/7
Subgoal *8.4.4.2/7'
Subgoal *8.4.4.2/6
Subgoal *8.4.4.2/6'
Subgoal *8.4.4.2/5
Subgoal *8.4.4.2/4
Subgoal *8.4.4.2/3
Subgoal *8.4.4.2/2
Subgoal *8.4.4.2/1
Subgoal *8.4.4.1/7
Subgoal *8.4.4.1/7'
Subgoal *8.4.4.1/6
Subgoal *8.4.4.1/6'
Subgoal *8.4.4.1/5
Subgoal *8.4.4.1/5'
Subgoal *8.4.4.1/5''
Subgoal *8.4.4.1/4
Subgoal *8.4.4.1/3
Subgoal *8.4.4.1/2
Subgoal *8.4.4.1/1
Subgoal *8.4.3/6
Subgoal *8.4.3/6'
Subgoal *8.4.3/6.2
Subgoal *8.4.3/6.2'
Subgoal *8.4.3/6.2''
Subgoal *8.4.3/6.2'''
Subgoal *8.4.3/6.1
Subgoal *8.4.3/6.1'
Subgoal *8.4.3/6.1''
Subgoal *8.4.3/6.1'''
Subgoal *8.4.3/6.1'4'
Subgoal *8.4.3/6.1'5'
Subgoal *8.4.3/5
Subgoal *8.4.3/5'
Subgoal *8.4.3/5''
Subgoal *8.4.3/4
Subgoal *8.4.3/3
Subgoal *8.4.3/2
Subgoal *8.4.3/1
Subgoal *8.4.3.2/7
Subgoal *8.4.3.2/7'
Subgoal *8.4.3.2/6
Subgoal *8.4.3.2/6'
Subgoal *8.4.3.2/5
Subgoal *8.4.3.2/4
Subgoal *8.4.3.2/3
Subgoal *8.4.3.2/2
Subgoal *8.4.3.2/1
Subgoal *8.4.3.1/7
Subgoal *8.4.3.1/7'
Subgoal *8.4.3.1/6
Subgoal *8.4.3.1/6'
Subgoal *8.4.3.1/5
Subgoal *8.4.3.1/5'
Subgoal *8.4.3.1/5''
Subgoal *8.4.3.1/4
Subgoal *8.4.3.1/3
Subgoal *8.4.3.1/2
Subgoal *8.4.3.1/1
Subgoal *8.4.2/7
Subgoal *8.4.2/7'
Subgoal *8.4.2/7.2
Subgoal *8.4.2/7.2'
Subgoal *8.4.2/7.2''
Subgoal *8.4.2/7.2'''
Subgoal *8.4.2/7.2'4'
Subgoal *8.4.2/7.2'5'
Subgoal *8.4.2/7.1
Subgoal *8.4.2/7.1'
Subgoal *8.4.2/7.1''
Subgoal *8.4.2/7.1'''
Subgoal *8.4.2/7.1'4'
Subgoal *8.4.2/7.1'5'
Subgoal *8.4.2/6
Subgoal *8.4.2/6'
Subgoal *8.4.2/6.2
Subgoal *8.4.2/6.2'
Subgoal *8.4.2/6.2''
Subgoal *8.4.2/6.1
Subgoal *8.4.2/6.1'
Subgoal *8.4.2/6.1''
Subgoal *8.4.2/6.1'''
Subgoal *8.4.2/6.1'4'
Subgoal *8.4.2/6.1'5'
Subgoal *8.4.2/5
Subgoal *8.4.2/4
Subgoal *8.4.2/3
Subgoal *8.4.2/2
Subgoal *8.4.2/1
Subgoal *8.4.2.2/7
Subgoal *8.4.2.2/7'
Subgoal *8.4.2.2/6
Subgoal *8.4.2.2/6'
Subgoal *8.4.2.2/5
Subgoal *8.4.2.2/4
Subgoal *8.4.2.2/3
Subgoal *8.4.2.2/2
Subgoal *8.4.2.2/1
Subgoal *8.4.2.1/6
Subgoal *8.4.2.1/6'
Subgoal *8.4.2.1/5
Subgoal *8.4.2.1/5'
Subgoal *8.4.2.1/5''
Subgoal *8.4.2.1/4
Subgoal *8.4.2.1/3
Subgoal *8.4.2.1/2
Subgoal *8.4.2.1/1
Subgoal *8.4.1/7
Subgoal *8.4.1/7'
Subgoal *8.4.1/7.2
Subgoal *8.4.1/7.2'
Subgoal *8.4.1/7.2''
Subgoal *8.4.1/7.2'''
Subgoal *8.4.1/7.1
Subgoal *8.4.1/7.1'
Subgoal *8.4.1/7.1''
Subgoal *8.4.1/7.1'''
Subgoal *8.4.1/7.1'4'
Subgoal *8.4.1/7.1'5'
Subgoal *8.4.1/7.1'6'
Subgoal *8.4.1/7.1'7'
Subgoal *8.4.1/6
Subgoal *8.4.1/6'
Subgoal *8.4.1/6.2
Subgoal *8.4.1/6.2'
Subgoal *8.4.1/6.2''
Subgoal *8.4.1/6.2'''
Subgoal *8.4.1/6.1
Subgoal *8.4.1/6.1'
Subgoal *8.4.1/6.1''
Subgoal *8.4.1/6.1'''
Subgoal *8.4.1/6.1'4'
Subgoal *8.4.1/6.1'5'
Subgoal *8.4.1/5
Subgoal *8.4.1/5'
Subgoal *8.4.1/5''
Subgoal *8.4.1/4
Subgoal *8.4.1/3
Subgoal *8.4.1/2
Subgoal *8.4.1/1
Subgoal *8.4.1.2/6
Subgoal *8.4.1.2/6'
Subgoal *8.4.1.2/5
Subgoal *8.4.1.2/4
Subgoal *8.4.1.2/3
Subgoal *8.4.1.2/2
Subgoal *8.4.1.2/1
Subgoal *8.4.1.1/7
Subgoal *8.4.1.1/7'
Subgoal *8.4.1.1/6
Subgoal *8.4.1.1/6'
Subgoal *8.4.1.1/5
Subgoal *8.4.1.1/5'
Subgoal *8.4.1.1/5''
Subgoal *8.4.1.1/4
Subgoal *8.4.1.1/3
Subgoal *8.4.1.1/2
Subgoal *8.4.1.1/1
Subgoal *8.3/7
Subgoal *8.3/7'
Subgoal *8.3/7''
Subgoal *8.3/7'''
Subgoal *8.3/6
Subgoal *8.3/6'
Subgoal *8.3/6''
Subgoal *8.3/5
Subgoal *8.3/4
Subgoal *8.3/3
Subgoal *8.3/2
Subgoal *8.3/1


ACL2 Error in ( DEFUN JSON-ENCODE-WEIRD-CHAR ...):  The proof of the
guard conjecture for JSON-ENCODE-WEIRD-CHAR has failed.  You may wish
to avoid specifying a guard, or to supply option :VERIFY-GUARDS NIL
with the :GUARD.  Otherwise, you may wish to specify :GUARD-DEBUG T;
see :DOC verify-guards.



Summary
Form:  ( DEFUN JSON-ENCODE-WEIRD-CHAR ...)
Rules: ((:COMPOUND-RECOGNIZER ACL2::NATP-COMPOUND-RECOGNIZER)
        (:COMPOUND-RECOGNIZER ACL2::ZIP-COMPOUND-RECOGNIZER)
        (:DEFINITION ASH)
        (:DEFINITION ACL2::BINARY-LOGAND)
        (:DEFINITION EQL)
        (:DEFINITION EVENP)
        (:DEFINITION FIX)
        (:DEFINITION FLOOR)
        (:DEFINITION IFF)
        (:DEFINITION IFIX)
        (:DEFINITION NOT)
        (:DEFINITION SYNP)
        (:EXECUTABLE-COUNTERPART <)
        (:EXECUTABLE-COUNTERPART BINARY-*)
        (:EXECUTABLE-COUNTERPART BINARY-+)
        (:EXECUTABLE-COUNTERPART ACL2::BINARY-LOGAND)
        (:EXECUTABLE-COUNTERPART EQL)
        (:EXECUTABLE-COUNTERPART EQUAL)
        (:EXECUTABLE-COUNTERPART EVENP)
        (:EXECUTABLE-COUNTERPART EXPT)
        (:EXECUTABLE-COUNTERPART FLOOR)
        (:EXECUTABLE-COUNTERPART INTEGERP)
        (:EXECUTABLE-COUNTERPART NOT)
        (:EXECUTABLE-COUNTERPART TAU-SYSTEM)
        (:EXECUTABLE-COUNTERPART UNARY-/)
        (:EXECUTABLE-COUNTERPART ZIP)
        (:FAKE-RUNE-FOR-LINEAR-EQUALITIES NIL)
        (:FAKE-RUNE-FOR-TYPE-SET NIL)
        (:FORWARD-CHAINING ACL2::NUMERATOR-NONZERO-FORWARD)
        (:INDUCTION ACL2::BINARY-LOGAND)
        (:REWRITE ACL2::<-*-/-LEFT-COMMUTED)
        (:REWRITE ACL2::<-*-0)
        (:REWRITE ASSOCIATIVITY-OF-*)
        (:REWRITE COMMUTATIVITY-OF-*)
        (:REWRITE COMMUTATIVITY-OF-+)
        (:REWRITE DISTRIBUTIVITY)
        (:REWRITE ACL2::EQUAL-DENOMINATOR-1)
        (:REWRITE ACL2::FOLD-CONSTS-IN-*)
        (:REWRITE ACL2::FOLD-CONSTS-IN-+)
        (:REWRITE ACL2::INTEGERP==>DENOMINATOR=1)
        (:REWRITE ACL2::NUMERATOR-WHEN-INTEGERP)
        (:REWRITE UNICITY-OF-0)
        (:REWRITE ACL2::ZIP-OPEN)
        (:TYPE-PRESCRIPTION ACL2::BINARY-LOGAND)
        (:TYPE-PRESCRIPTION FLOOR)
        (:TYPE-PRESCRIPTION NONNEGATIVE-INTEGER-QUOTIENT))
Time:  0.25 seconds (prove: 0.22, print: 0.03, other: 0.01)
Prover steps counted:  113672

---
The key checkpoint goals, below, may help you to debug this failure.
See :DOC failure and see :DOC set-checkpoint-summary-limit.
---

*** Key checkpoints at the top level: ***

Subgoal 2.4
(IMPLIES (AND (< CODE 256)
              (NATP CODE)
              (INTEGERP (* 1/16 CODE)))
         (<= (LOGAND (* 1/16 CODE) 15) 15))

Subgoal 2.3
(IMPLIES (AND (< CODE 256)
              (NATP CODE)
              (INTEGERP (* 1/16 CODE)))
         (<= (LOGAND CODE 15) 15))

Subgoal 2.2
(IMPLIES (AND (< CODE 256)
              (NATP CODE)
              (INTEGERP (* 1/16 CODE)))
         (<= 0 (LOGAND (* 1/16 CODE) 15)))

Subgoal 2.1
(IMPLIES (AND (< CODE 256)
              (NATP CODE)
              (INTEGERP (* 1/16 CODE)))
         (<= 0 (LOGAND CODE 15)))

Subgoal 1.4
(IMPLIES
     (AND (< CODE 256)
          (NATP CODE)
          (NOT (INTEGERP (* 1/16 CODE))))
     (<= (LOGAND (NONNEGATIVE-INTEGER-QUOTIENT (NUMERATOR (* 1/16 CODE))
                                               (DENOMINATOR (* 1/16 CODE)))
                 15)
         15))

Subgoal 1.3
(IMPLIES (AND (< CODE 256)
              (NATP CODE)
              (NOT (INTEGERP (* 1/16 CODE))))
         (<= (LOGAND CODE 15) 15))

Subgoal 1.2
(IMPLIES
     (AND (< CODE 256)
          (NATP CODE)
          (NOT (INTEGERP (* 1/16 CODE))))
     (<= 0
         (LOGAND (NONNEGATIVE-INTEGER-QUOTIENT (NUMERATOR (* 1/16 CODE))
                                               (DENOMINATOR (* 1/16 CODE)))
                 15)))

Subgoal 1.1
(IMPLIES (AND (< CODE 256)
              (NATP CODE)
              (NOT (INTEGERP (* 1/16 CODE))))
         (<= 0 (LOGAND CODE 15)))

*** Key checkpoints under a top-level induction: ***

Subgoal *8/7.2'
(IMPLIES (AND (NOT (ZIP CODE))
              (INTEGERP (* 1/2 CODE))
              (<= 0 (LOGAND (* 1/2 CODE) 15))
              (< CODE 256)
              (NATP CODE)
              (NOT (INTEGERP (* 1/16 CODE)))
              (NOT (EQUAL (LOGAND (* 1/2 CODE) 7) 0)))
         (< 0 (LOGAND (* 1/2 CODE) 7)))

Subgoal *8/7.1
(IMPLIES
  (AND (NOT (ZIP CODE))
       (NOT (INTEGERP (* 1/2 CODE)))
       (<= 0
           (LOGAND (NONNEGATIVE-INTEGER-QUOTIENT (NUMERATOR (* 1/2 CODE))
                                                 (DENOMINATOR (* 1/2 CODE)))
                   15))
       (< CODE 256)
       (NATP CODE)
       (NOT (INTEGERP (* 1/16 CODE))))
  (<= 0
      (+ 1
         (* 2
            (LOGAND (NONNEGATIVE-INTEGER-QUOTIENT (NUMERATOR (* 1/2 CODE))
                                                  (DENOMINATOR (* 1/2 CODE)))
                    7)))))

Subgoal *8/6.1
(IMPLIES
 (AND
     (NOT (ZIP CODE))
     (NOT (INTEGERP (* 1/2 CODE)))
     (INTEGERP (* 1/16
                  (NONNEGATIVE-INTEGER-QUOTIENT (NUMERATOR (* 1/2 CODE))
                                                (DENOMINATOR (* 1/2 CODE)))))
     (< CODE 256)
     (NATP CODE)
     (NOT (INTEGERP (* 1/16 CODE))))
 (<= 0
     (+ 1
        (* 2
           (LOGAND (NONNEGATIVE-INTEGER-QUOTIENT (NUMERATOR (* 1/2 CODE))
                                                 (DENOMINATOR (* 1/2 CODE)))
                   7)))))

ACL2 Error [Failure] in ( DEFUN JSON-ENCODE-WEIRD-CHAR ...):  The proof
of the guard conjecture for JSON-ENCODE-WEIRD-CHAR has failed; see
the discussion above about :VERIFY-GUARDS and :GUARD-DEBUG.  See :DOC
failure.

******** FAILED ********

Summary
Form:  (CERTIFY-BOOK "json" ...)
Rules: NIL
Time:  0.45 seconds (prove: 0.22, print: 0.03, other: 0.21)
Prover steps counted:  113672

ACL2 Error [Failure] in (CERTIFY-BOOK "json" ...):  See :DOC failure.

******** FAILED ********
; (EV-REC *RETURN-LAST-ARG3* ...) took 
; 0.45 seconds realtime, 0.41 seconds runtime
; (159,851,360 bytes allocated).
ACL2 !>Bye.
Exit code from ACL2 is 0
json.cert seems to be missing
