"-*- Mode: auto-revert -*-"
/workspaces/acl2-jupyter/books/acl2-kernel
HOST: 685e4b1a4e86

Environment variables:
ACL2_CUSTOMIZATION=NONE
ACL2_SYSTEM_BOOKS=/home/acl2/books
ACL2=/home/acl2/saved_acl2
ACL2_USELESS_RUNES=-25

Temp lisp file:
(acl2::value :q)
(acl2::in-package "ACL2")
; see github issue #638 (waterfall-parallelism and profiling): 
#+(and hons (not acl2-par)) (profile-fn 'prove)
#+(and hons (not acl2-par)) (profile-fn 'certify-book-fn)
#+(and hons (not acl2-par)) (profile-fn 'include-book-fn)
(acl2::lp)
(set-debugger-enable :bt)
(acl2::in-package "ACL2")

(set-ld-error-action (quote (:exit 1)) state)
(set-inhibit-output-lst (list (quote prove) (quote proof-tree) (quote warning) (quote observation) (quote event) (quote history)))

(acl2::assign acl2::get-internal-time-as-realtime acl2::t)
#-cmucl (acl2::gc-verbose t)
; instructions from .acl2 file cert.acl2:
; ACL2 Jupyter Kernel
; Copyright (C) 2026
;
; License: MIT

(include-book "portcullis")
; cert-flags: ? t :ttags :all


; Prevent reset-prehistory while loading .port files
(acl2::assign acl2::skip-reset-prehistory acl2::t)
; portculli for included books:
(acl2::ld "connection.port" :ld-missing-input-ok t :ld-always-skip-top-level-locals t)
(acl2::ld "message.port" :ld-missing-input-ok t :ld-always-skip-top-level-locals t)
(acl2::ld "std/util/define.port" :dir :SYSTEM :ld-missing-input-ok t :ld-always-skip-top-level-locals t)
(acl2::ld "std/alists/put-assoc-equal.port" :dir :SYSTEM :ld-missing-input-ok t :ld-always-skip-top-level-locals t)
(acl2::ld "std/testing/assert-bang.port" :dir :SYSTEM :ld-missing-input-ok t :ld-always-skip-top-level-locals t)
#!ACL2 (set-ld-error-action (quote :continue) state)

; certify-book command flags: ? t :ttags :all
#!ACL2 (er-progn (time$ (certify-book "kernel" ? t :ttags :all  ))
                                 (value (prog2$ #+hons (memsum)
                                                 #-hons nil
                                                 (exit 43))))
--- End temp lisp file ---

TARGET: kernel
STEP: certify
Start of output:

This is SBCL 2.5.11, an implementation of ANSI Common Lisp.
More information about SBCL is available at <http://www.sbcl.org/>.

SBCL is free software, provided as is, with absolutely no warranty.
It is mostly in the public domain; some portions are provided under
BSD-style licenses.  See the CREDITS and COPYING files in the
distribution for more information.

 ++++++++++++++++++++++++++++++++++++++++++++++++++++++++++++++++++++++++
 + ACL2 Version 8.6+ (a development snapshot based on ACL2 Version 8.6) +
 +   built January 15, 2026  05:18:19.                                  +
 +   (Note from the environment when this executable was saved:         +
 +    jimwhite/acl2 git commit hash: e1e49a9082e4cbbb9667a065762dea73c03f904d) +
 + Copyright (C) 2026, Regents of the University of Texas.              +
 + ACL2 comes with ABSOLUTELY NO WARRANTY.  This is free software and   +
 + you are welcome to redistribute it under certain conditions.  For    +
 + details, see the LICENSE file distributed with ACL2.                 +
 ++++++++++++++++++++++++++++++++++++++++++++++++++++++++++++++++++++++++

Project-dir-alist:
((:SYSTEM . "/home/acl2/books/")).
Type :help for help.
Type (quit) to quit completely out of ACL2.

ACL2 !>
Exiting the ACL2 read-eval-print loop.  To re-enter, execute (LP).
* #<PACKAGE "ACL2">
* 
Project-dir-alist:
((:SYSTEM . "/home/acl2/books/")).
Type :help for help.
Type (quit) to quit completely out of ACL2.

ACL2 !><state>
ACL2 !> "ACL2"
ACL2 !> (:EXIT 1)
ACL2 !> (PROVE PROOF-TREE
        WARNING OBSERVATION EVENT HISTORY)
ACL2 !> T
ACL2 !>GC-VERBOSE is not supported in this Common Lisp.
Contact the ACL2 developers if you would like to help add such support.
NIL
ACL2 !>
Summary
Form:  ( INCLUDE-BOOK "portcullis" ...)
Rules: NIL
Time:  0.03 seconds (prove: 0.00, print: 0.00, other: 0.03)
 "/workspaces/acl2-jupyter/books/acl2-kernel/portcullis.lisp"
ACL2 !> T
ACL2 !>
Project-dir-alist:
((:SYSTEM . "/home/acl2/books/")).
Type :help for help.
Type (quit) to quit completely out of ACL2.

ACL2 !>> "ACL2"
ACL2 !>>
The event ( INCLUDE-BOOK "portcullis" ...) is redundant.  See :DOC
redundant-events.

Summary
Form:  ( INCLUDE-BOOK "portcullis" ...)
Rules: NIL
Time:  0.00 seconds (prove: 0.00, print: 0.00, other: 0.00)
 :REDUNDANT
ACL2 !>>
Summary
Form:  ( INCLUDE-BOOK "cowles/portcullis" ...)
Rules: NIL
Time:  0.01 seconds (prove: 0.00, print: 0.00, other: 0.01)
 "/home/acl2/books/cowles/portcullis.lisp"
ACL2 !>>
Summary
Form:  ( INCLUDE-BOOK "data-structures/portcullis" ...)
Rules: NIL
Time:  0.02 seconds (prove: 0.00, print: 0.00, other: 0.02)
 "/home/acl2/books/data-structures/portcullis.lisp"
ACL2 !>>
Summary
Form:  ( INCLUDE-BOOK "centaur/fty/portcullis" ...)
Rules: NIL
Time:  0.01 seconds (prove: 0.00, print: 0.00, other: 0.01)
 "/home/acl2/books/centaur/fty/portcullis.lisp"
ACL2 !>>Bye.
 :EOF
ACL2 !>
Project-dir-alist:
((:SYSTEM . "/home/acl2/books/")).
Type :help for help.
Type (quit) to quit completely out of ACL2.

ACL2 !>> "ACL2"
ACL2 !>>
The event ( INCLUDE-BOOK "portcullis" ...) is redundant.  See :DOC
redundant-events.

Summary
Form:  ( INCLUDE-BOOK "portcullis" ...)
Rules: NIL
Time:  0.00 seconds (prove: 0.00, print: 0.00, other: 0.00)
 :REDUNDANT
ACL2 !>>
Summary
Form:  ( INCLUDE-BOOK "centaur/bridge/portcullis" ...)
Rules: NIL
Time:  0.00 seconds (prove: 0.00, print: 0.00, other: 0.00)
 "/home/acl2/books/centaur/bridge/portcullis.lisp"
ACL2 !>>
The event ( INCLUDE-BOOK "cowles/portcullis" ...) is redundant.  See
:DOC redundant-events.

Summary
Form:  ( INCLUDE-BOOK "cowles/portcullis" ...)
Rules: NIL
Time:  0.00 seconds (prove: 0.00, print: 0.00, other: 0.00)
 :REDUNDANT
ACL2 !>>
The event ( INCLUDE-BOOK "data-structures/portcullis" ...) is redundant.
See :DOC redundant-events.

Summary
Form:  ( INCLUDE-BOOK "data-structures/portcullis" ...)
Rules: NIL
Time:  0.00 seconds (prove: 0.00, print: 0.00, other: 0.00)
 :REDUNDANT
ACL2 !>>
The event ( INCLUDE-BOOK "centaur/fty/portcullis" ...) is redundant.
See :DOC redundant-events.

Summary
Form:  ( INCLUDE-BOOK "centaur/fty/portcullis" ...)
Rules: NIL
Time:  0.00 seconds (prove: 0.00, print: 0.00, other: 0.00)
 :REDUNDANT
ACL2 !>>
Summary
Form:  ( INCLUDE-BOOK "std/typed-lists/portcullis" ...)
Rules: NIL
Time:  0.00 seconds (prove: 0.00, print: 0.00, other: 0.00)
 "/home/acl2/books/std/typed-lists/portcullis.lisp"
ACL2 !>>Bye.
 :EOF
ACL2 !>
Project-dir-alist:
((:SYSTEM . "/home/acl2/books/")).
Type :help for help.
Type (quit) to quit completely out of ACL2.

ACL2 !>> "ACL2"
ACL2 !>>
The event ( INCLUDE-BOOK "../portcullis" ...) is redundant.  See :DOC
redundant-events.

Summary
Form:  ( INCLUDE-BOOK "../portcullis" ...)
Rules: NIL
Time:  0.00 seconds (prove: 0.00, print: 0.00, other: 0.00)
 :REDUNDANT
ACL2 !>>Bye.
 :EOF
ACL2 !>
Project-dir-alist:
((:SYSTEM . "/home/acl2/books/")).
Type :help for help.
Type (quit) to quit completely out of ACL2.

ACL2 !>> "ACL2"
ACL2 !>>
The event ( INCLUDE-BOOK "std/portcullis" ...) is redundant.  See :DOC
redundant-events.

Summary
Form:  ( INCLUDE-BOOK "std/portcullis" ...)
Rules: NIL
Time:  0.00 seconds (prove: 0.00, print: 0.00, other: 0.00)
 :REDUNDANT
ACL2 !>>
The event ( INCLUDE-BOOK "cowles/portcullis" ...) is redundant.  See
:DOC redundant-events.

Summary
Form:  ( INCLUDE-BOOK "cowles/portcullis" ...)
Rules: NIL
Time:  0.00 seconds (prove: 0.00, print: 0.00, other: 0.00)
 :REDUNDANT
ACL2 !>>Bye.
 :EOF
ACL2 !>
Project-dir-alist:
((:SYSTEM . "/home/acl2/books/")).
Type :help for help.
Type (quit) to quit completely out of ACL2.

ACL2 !>> "ACL2"
ACL2 !>>
The event ( INCLUDE-BOOK "std/portcullis" ...) is redundant.  See :DOC
redundant-events.

Summary
Form:  ( INCLUDE-BOOK "std/portcullis" ...)
Rules: NIL
Time:  0.00 seconds (prove: 0.00, print: 0.00, other: 0.00)
 :REDUNDANT
ACL2 !>>Bye.
 :EOF
ACL2 !> :CONTINUE
ACL2 !>
Summary
Form:  ( ACL2::INCLUDE-BOOK "connection" ...)
Rules: NIL
Time:  0.13 seconds (prove: 0.00, print: 0.00, other: 0.13)
"/workspaces/acl2-jupyter/books/acl2-kernel/connection.lisp"

Summary
Form:  ( ACL2::INCLUDE-BOOK "message" ...)
Rules: NIL
Time:  0.23 seconds (prove: 0.00, print: 0.00, other: 0.23)
"/workspaces/acl2-jupyter/books/acl2-kernel/message.lisp"

The event ( ACL2::INCLUDE-BOOK "std/util/define" ...) is redundant.
See :DOC redundant-events.

Summary
Form:  ( ACL2::INCLUDE-BOOK "std/util/define" ...)
Rules: NIL
Time:  0.00 seconds (prove: 0.00, print: 0.00, other: 0.00)
:REDUNDANT

Summary
Form:  ( ACL2::INCLUDE-BOOK "std/alists/put-assoc-equal" ...)
Rules: NIL
Time:  0.00 seconds (prove: 0.00, print: 0.00, other: 0.00)
"/home/acl2/books/std/alists/put-assoc-equal.lisp"

Summary
Form:  ( ACL2::INCLUDE-BOOK "std/testing/assert-bang" ...)
Rules: NIL
Time:  0.00 seconds (prove: 0.00, print: 0.00, other: 0.00)
"/home/acl2/books/std/testing/assert-bang.lisp"

Summary
Form:  ( DEFUN MAKE-KERNEL-STATE ...)
Rules: ((:FAKE-RUNE-FOR-TYPE-SET NIL))
Time:  0.00 seconds (prove: 0.00, print: 0.00, other: 0.00)
Goal'

Summary
Form:  ( DEFTHM ALISTP-OF-MAKE-KERNEL-STATE ...)
Rules: ((:DEFINITION ALISTP)
        (:DEFINITION MAKE-KERNEL-STATE)
        (:EXECUTABLE-COUNTERPART ALISTP)
        (:EXECUTABLE-COUNTERPART CONSP)
        (:FAKE-RUNE-FOR-TYPE-SET NIL)
        (:REWRITE CAR-CONS)
        (:REWRITE CDR-CONS)
        (:TYPE-PRESCRIPTION ALISTP))
Time:  0.00 seconds (prove: 0.00, print: 0.00, other: 0.00)
Prover steps counted:  399
ALISTP-OF-MAKE-KERNEL-STATE

Summary
Form:  ( PROGN (DEFTHM ALISTP-OF-MAKE-KERNEL-STATE ...) ...)
Rules: NIL
Time:  0.00 seconds (prove: 0.00, print: 0.00, other: 0.00)
Prover steps counted:  399
MAKE-KERNEL-STATE
Goal'

Summary
Form:  ( DEFUN KERNEL-STATE-SESSION ...)
Rules: ((:DEFINITION NOT)
        (:EXECUTABLE-COUNTERPART EQLABLEP)
        (:EXECUTABLE-COUNTERPART NOT)
        (:FORWARD-CHAINING CONSP-ASSOC-EQUAL)
        (:REWRITE ACL2::ASSOC-EQL-EXEC-IS-ASSOC-EQUAL)
        (:TYPE-PRESCRIPTION ALISTP))
Time:  0.00 seconds (prove: 0.00, print: 0.00, other: 0.00)
Prover steps counted:  251

Summary
Form:  ( DEFTHM STRINGP-OF-KERNEL-STATE-SESSION ...)
Rules: ((:TYPE-PRESCRIPTION KERNEL-STATE-SESSION))
Time:  0.00 seconds (prove: 0.00, print: 0.00, other: 0.00)
STRINGP-OF-KERNEL-STATE-SESSION

Summary
Form:  ( PROGN (DEFTHM STRINGP-OF-KERNEL-STATE-SESSION ...) ...)
Rules: NIL
Time:  0.00 seconds (prove: 0.00, print: 0.00, other: 0.00)
KERNEL-STATE-SESSION
Goal'

Summary
Form:  ( DEFUN KERNEL-STATE-EXECUTION-COUNT ...)
Rules: ((:COMPOUND-RECOGNIZER ACL2::NATP-COMPOUND-RECOGNIZER)
        (:DEFINITION NATP)
        (:DEFINITION NOT)
        (:EXECUTABLE-COUNTERPART EQLABLEP)
        (:EXECUTABLE-COUNTERPART NOT)
        (:FORWARD-CHAINING CONSP-ASSOC-EQUAL)
        (:REWRITE ACL2::ASSOC-EQL-EXEC-IS-ASSOC-EQUAL)
        (:TYPE-PRESCRIPTION ALISTP))
Time:  0.00 seconds (prove: 0.00, print: 0.00, other: 0.00)
Prover steps counted:  261

Summary
Form:  ( DEFTHM NATP-OF-KERNEL-STATE-EXECUTION-COUNT ...)
Rules: ((:COMPOUND-RECOGNIZER ACL2::NATP-COMPOUND-RECOGNIZER)
        (:TYPE-PRESCRIPTION KERNEL-STATE-EXECUTION-COUNT))
Time:  0.00 seconds (prove: 0.00, print: 0.00, other: 0.00)
NATP-OF-KERNEL-STATE-EXECUTION-COUNT

Summary
Form:  ( PROGN (DEFTHM NATP-OF-KERNEL-STATE-EXECUTION-COUNT ...) ...)
Rules: NIL
Time:  0.00 seconds (prove: 0.00, print: 0.00, other: 0.00)
KERNEL-STATE-EXECUTION-COUNT
Goal'

Summary
Form:  ( DEFUN KERNEL-STATE-USERNAME ...)
Rules: ((:DEFINITION NOT)
        (:EXECUTABLE-COUNTERPART EQLABLEP)
        (:EXECUTABLE-COUNTERPART NOT)
        (:FORWARD-CHAINING CONSP-ASSOC-EQUAL)
        (:REWRITE ACL2::ASSOC-EQL-EXEC-IS-ASSOC-EQUAL)
        (:TYPE-PRESCRIPTION ALISTP))
Time:  0.00 seconds (prove: 0.00, print: 0.00, other: 0.00)
Prover steps counted:  251

Summary
Form:  ( DEFTHM STRINGP-OF-KERNEL-STATE-USERNAME ...)
Rules: ((:TYPE-PRESCRIPTION KERNEL-STATE-USERNAME))
Time:  0.00 seconds (prove: 0.00, print: 0.00, other: 0.00)
STRINGP-OF-KERNEL-STATE-USERNAME

Summary
Form:  ( PROGN (DEFTHM STRINGP-OF-KERNEL-STATE-USERNAME ...) ...)
Rules: NIL
Time:  0.00 seconds (prove: 0.00, print: 0.00, other: 0.00)
KERNEL-STATE-USERNAME
Goal'

Summary
Form:  ( DEFUN KERNEL-STATE-HMAC-KEY ...)
Rules: ((:DEFINITION NOT)
        (:EXECUTABLE-COUNTERPART EQLABLEP)
        (:EXECUTABLE-COUNTERPART NOT)
        (:FORWARD-CHAINING CONSP-ASSOC-EQUAL)
        (:REWRITE ACL2::ASSOC-EQL-EXEC-IS-ASSOC-EQUAL)
        (:TYPE-PRESCRIPTION ALISTP))
Time:  0.00 seconds (prove: 0.00, print: 0.00, other: 0.00)
Prover steps counted:  251

Summary
Form:  ( DEFTHM STRINGP-OF-KERNEL-STATE-HMAC-KEY ...)
Rules: ((:TYPE-PRESCRIPTION KERNEL-STATE-HMAC-KEY))
Time:  0.00 seconds (prove: 0.00, print: 0.00, other: 0.00)
STRINGP-OF-KERNEL-STATE-HMAC-KEY

Summary
Form:  ( PROGN (DEFTHM STRINGP-OF-KERNEL-STATE-HMAC-KEY ...) ...)
Rules: NIL
Time:  0.00 seconds (prove: 0.00, print: 0.00, other: 0.00)
KERNEL-STATE-HMAC-KEY

Summary
Form:  ( DEFUN INCREMENT-EXECUTION-COUNT ...)
Rules: ((:DEFINITION NOT)
        (:EXECUTABLE-COUNTERPART TAU-SYSTEM)
        (:REWRITE ACL2::PUT-ASSOC-EQL-EXEC-IS-PUT-ASSOC-EQUAL)
        (:TYPE-PRESCRIPTION PUT-ASSOC-EQUAL))
Time:  0.00 seconds (prove: 0.00, print: 0.00, other: 0.00)
Prover steps counted:  58

Summary
Form:  ( DEFTHM ALISTP-OF-INCREMENT-EXECUTION-COUNT ...)
Rules: ((:DEFINITION INCREMENT-EXECUTION-COUNT)
        (:EXECUTABLE-COUNTERPART TAU-SYSTEM)
        (:TYPE-PRESCRIPTION ALISTP))
Time:  0.00 seconds (prove: 0.00, print: 0.00, other: 0.00)
Prover steps counted:  25
ALISTP-OF-INCREMENT-EXECUTION-COUNT

Summary
Form:  ( PROGN (DEFTHM ALISTP-OF-INCREMENT-EXECUTION-COUNT ...) ...)
Rules: NIL
Time:  0.00 seconds (prove: 0.00, print: 0.00, other: 0.00)
Prover steps counted:  25
INCREMENT-EXECUTION-COUNT

Summary
Form:  ( DEFCONST *SHELL-MESSAGE-TYPES* ...)
Rules: NIL
Time:  0.00 seconds (prove: 0.00, print: 0.00, other: 0.00)
*SHELL-MESSAGE-TYPES*

Summary
Form:  ( DEFCONST *CONTROL-MESSAGE-TYPES* ...)
Rules: NIL
Time:  0.00 seconds (prove: 0.00, print: 0.00, other: 0.00)
*CONTROL-MESSAGE-TYPES*

Summary
Form:  ( DEFUN SHELL-MESSAGE-TYPE-P ...)
Rules: ((:EXECUTABLE-COUNTERPART TRUE-LISTP))
Time:  0.00 seconds (prove: 0.00, print: 0.00, other: 0.00)

Summary
Form:  ( DEFTHM BOOLEANP-OF-SHELL-MESSAGE-TYPE-P ...)
Rules: ((:COMPOUND-RECOGNIZER BOOLEANP-COMPOUND-RECOGNIZER)
        (:TYPE-PRESCRIPTION SHELL-MESSAGE-TYPE-P))
Time:  0.00 seconds (prove: 0.00, print: 0.00, other: 0.00)
BOOLEANP-OF-SHELL-MESSAGE-TYPE-P

Summary
Form:  ( PROGN (DEFTHM BOOLEANP-OF-SHELL-MESSAGE-TYPE-P ...) ...)
Rules: NIL
Time:  0.00 seconds (prove: 0.00, print: 0.00, other: 0.00)
SHELL-MESSAGE-TYPE-P

Summary
Form:  ( DEFUN CONTROL-MESSAGE-TYPE-P ...)
Rules: ((:EXECUTABLE-COUNTERPART TRUE-LISTP))
Time:  0.00 seconds (prove: 0.00, print: 0.00, other: 0.00)

Summary
Form:  ( DEFTHM BOOLEANP-OF-CONTROL-MESSAGE-TYPE-P ...)
Rules: ((:COMPOUND-RECOGNIZER BOOLEANP-COMPOUND-RECOGNIZER)
        (:TYPE-PRESCRIPTION CONTROL-MESSAGE-TYPE-P))
Time:  0.00 seconds (prove: 0.00, print: 0.00, other: 0.00)
BOOLEANP-OF-CONTROL-MESSAGE-TYPE-P

Summary
Form:  ( PROGN (DEFTHM BOOLEANP-OF-CONTROL-MESSAGE-TYPE-P ...) ...)
Rules: NIL
Time:  0.00 seconds (prove: 0.00, print: 0.00, other: 0.00)
CONTROL-MESSAGE-TYPE-P

Summary
Form:  ( DEFUN EXECUTE-REQUEST-CODE ...)
Rules: ((:FORWARD-CHAINING CONSP-ASSOC-EQUAL)
        (:TYPE-PRESCRIPTION ALISTP))
Time:  0.00 seconds (prove: 0.00, print: 0.00, other: 0.00)

Summary
Form:  ( DEFTHM STRINGP-OF-EXECUTE-REQUEST-CODE ...)
Rules: ((:TYPE-PRESCRIPTION EXECUTE-REQUEST-CODE))
Time:  0.00 seconds (prove: 0.00, print: 0.00, other: 0.00)
STRINGP-OF-EXECUTE-REQUEST-CODE

Summary
Form:  ( PROGN (DEFTHM STRINGP-OF-EXECUTE-REQUEST-CODE ...) ...)
Rules: NIL
Time:  0.00 seconds (prove: 0.00, print: 0.00, other: 0.00)
EXECUTE-REQUEST-CODE

Summary
Form:  ( DEFUN EXECUTE-REQUEST-SILENT-P ...)
Rules: ((:FAKE-RUNE-FOR-TYPE-SET NIL)
        (:FORWARD-CHAINING CONSP-ASSOC-EQUAL)
        (:TYPE-PRESCRIPTION ALISTP))
Time:  0.00 seconds (prove: 0.00, print: 0.00, other: 0.00)

Summary
Form:  ( DEFTHM BOOLEANP-OF-EXECUTE-REQUEST-SILENT-P ...)
Rules: ((:COMPOUND-RECOGNIZER BOOLEANP-COMPOUND-RECOGNIZER)
        (:TYPE-PRESCRIPTION EXECUTE-REQUEST-SILENT-P))
Time:  0.00 seconds (prove: 0.00, print: 0.00, other: 0.00)
BOOLEANP-OF-EXECUTE-REQUEST-SILENT-P

Summary
Form:  ( PROGN (DEFTHM BOOLEANP-OF-EXECUTE-REQUEST-SILENT-P ...) ...)
Rules: NIL
Time:  0.00 seconds (prove: 0.00, print: 0.00, other: 0.00)
EXECUTE-REQUEST-SILENT-P

Summary
Form:  ( DEFUN EXECUTE-REQUEST-STORE-HISTORY-P ...)
Rules: ((:FAKE-RUNE-FOR-TYPE-SET NIL)
        (:FORWARD-CHAINING CONSP-ASSOC-EQUAL)
        (:TYPE-PRESCRIPTION ALISTP))
Time:  0.00 seconds (prove: 0.00, print: 0.00, other: 0.00)

Summary
Form:  ( DEFTHM BOOLEANP-OF-EXECUTE-REQUEST-STORE-HISTORY-P ...)
Rules: ((:COMPOUND-RECOGNIZER BOOLEANP-COMPOUND-RECOGNIZER)
        (:TYPE-PRESCRIPTION EXECUTE-REQUEST-STORE-HISTORY-P))
Time:  0.00 seconds (prove: 0.00, print: 0.00, other: 0.00)
BOOLEANP-OF-EXECUTE-REQUEST-STORE-HISTORY-P

Summary
Form:  ( PROGN (DEFTHM BOOLEANP-OF-EXECUTE-REQUEST-STORE-HISTORY-P
...) ...)
Rules: NIL
Time:  0.00 seconds (prove: 0.00, print: 0.00, other: 0.00)
EXECUTE-REQUEST-STORE-HISTORY-P

Summary
Form:  ( DEFUN MAKE-EXECUTE-REPLY-OK ...)
Rules: ((:FAKE-RUNE-FOR-TYPE-SET NIL))
Time:  0.00 seconds (prove: 0.00, print: 0.00, other: 0.00)
Goal'

Summary
Form:  ( DEFTHM ALISTP-OF-MAKE-EXECUTE-REPLY-OK ...)
Rules: ((:DEFINITION ALISTP)
        (:DEFINITION MAKE-EXECUTE-REPLY-OK)
        (:EXECUTABLE-COUNTERPART ALISTP)
        (:EXECUTABLE-COUNTERPART CONSP)
        (:FAKE-RUNE-FOR-TYPE-SET NIL)
        (:REWRITE CAR-CONS)
        (:REWRITE CDR-CONS)
        (:TYPE-PRESCRIPTION ALISTP))
Time:  0.00 seconds (prove: 0.00, print: 0.00, other: 0.00)
Prover steps counted:  117
ALISTP-OF-MAKE-EXECUTE-REPLY-OK

Summary
Form:  ( PROGN (DEFTHM ALISTP-OF-MAKE-EXECUTE-REPLY-OK ...) ...)
Rules: NIL
Time:  0.00 seconds (prove: 0.00, print: 0.00, other: 0.00)
Prover steps counted:  117
MAKE-EXECUTE-REPLY-OK

Summary
Form:  ( DEFUN MAKE-EXECUTE-REPLY-ERROR ...)
Rules: ((:FAKE-RUNE-FOR-TYPE-SET NIL))
Time:  0.00 seconds (prove: 0.00, print: 0.00, other: 0.00)
Goal'

Summary
Form:  ( DEFTHM ALISTP-OF-MAKE-EXECUTE-REPLY-ERROR ...)
Rules: ((:DEFINITION ALISTP)
        (:DEFINITION MAKE-EXECUTE-REPLY-ERROR)
        (:EXECUTABLE-COUNTERPART ALISTP)
        (:EXECUTABLE-COUNTERPART CONSP)
        (:FAKE-RUNE-FOR-TYPE-SET NIL)
        (:REWRITE CAR-CONS)
        (:REWRITE CDR-CONS)
        (:TYPE-PRESCRIPTION ALISTP))
Time:  0.00 seconds (prove: 0.00, print: 0.00, other: 0.00)
Prover steps counted:  627
ALISTP-OF-MAKE-EXECUTE-REPLY-ERROR

Summary
Form:  ( PROGN (DEFTHM ALISTP-OF-MAKE-EXECUTE-REPLY-ERROR ...) ...)
Rules: NIL
Time:  0.00 seconds (prove: 0.00, print: 0.00, other: 0.00)
Prover steps counted:  627
MAKE-EXECUTE-REPLY-ERROR

Summary
Form:  ( DEFUN MAKE-SHUTDOWN-REPLY ...)
Rules: ((:FAKE-RUNE-FOR-TYPE-SET NIL))
Time:  0.00 seconds (prove: 0.00, print: 0.00, other: 0.00)
Goal'

Summary
Form:  ( DEFTHM ALISTP-OF-MAKE-SHUTDOWN-REPLY ...)
Rules: ((:DEFINITION ALISTP)
        (:DEFINITION MAKE-SHUTDOWN-REPLY)
        (:EXECUTABLE-COUNTERPART ALISTP)
        (:FAKE-RUNE-FOR-TYPE-SET NIL)
        (:REWRITE CAR-CONS)
        (:REWRITE CDR-CONS)
        (:TYPE-PRESCRIPTION ALISTP))
Time:  0.00 seconds (prove: 0.00, print: 0.00, other: 0.00)
Prover steps counted:  60
ALISTP-OF-MAKE-SHUTDOWN-REPLY

Summary
Form:  ( PROGN (DEFTHM ALISTP-OF-MAKE-SHUTDOWN-REPLY ...) ...)
Rules: NIL
Time:  0.00 seconds (prove: 0.00, print: 0.00, other: 0.00)
Prover steps counted:  60
MAKE-SHUTDOWN-REPLY

Summary
Form:  ( DEFUN MAKE-IS-COMPLETE-REPLY ...)
Rules: ((:EXECUTABLE-COUNTERPART TRUE-LISTP)
        (:FAKE-RUNE-FOR-TYPE-SET NIL))
Time:  0.00 seconds (prove: 0.00, print: 0.00, other: 0.00)
Goal'
Subgoal 2
Subgoal 1

Summary
Form:  ( DEFTHM ALISTP-OF-MAKE-IS-COMPLETE-REPLY ...)
Rules: ((:DEFINITION ALISTP)
        (:DEFINITION MAKE-IS-COMPLETE-REPLY)
        (:EXECUTABLE-COUNTERPART ALISTP)
        (:EXECUTABLE-COUNTERPART CONS)
        (:FAKE-RUNE-FOR-TYPE-SET NIL)
        (:REWRITE CAR-CONS)
        (:REWRITE CDR-CONS)
        (:TYPE-PRESCRIPTION ALISTP))
Time:  0.00 seconds (prove: 0.00, print: 0.00, other: 0.00)
Prover steps counted:  138
ALISTP-OF-MAKE-IS-COMPLETE-REPLY

Summary
Form:  ( PROGN (DEFTHM ALISTP-OF-MAKE-IS-COMPLETE-REPLY ...) ...)
Rules: NIL
Time:  0.00 seconds (prove: 0.00, print: 0.00, other: 0.00)
Prover steps counted:  138
MAKE-IS-COMPLETE-REPLY

Summary
Form:  ( DEFUN MAKE-STATUS-CONTENT ...)
Rules: ((:EXECUTABLE-COUNTERPART TRUE-LISTP)
        (:FAKE-RUNE-FOR-TYPE-SET NIL))
Time:  0.00 seconds (prove: 0.00, print: 0.00, other: 0.00)
Goal'

Summary
Form:  ( DEFTHM ALISTP-OF-MAKE-STATUS-CONTENT ...)
Rules: ((:DEFINITION ALISTP)
        (:DEFINITION MAKE-STATUS-CONTENT)
        (:EXECUTABLE-COUNTERPART ALISTP)
        (:FAKE-RUNE-FOR-TYPE-SET NIL)
        (:REWRITE CAR-CONS)
        (:REWRITE CDR-CONS)
        (:TYPE-PRESCRIPTION ALISTP))
Time:  0.00 seconds (prove: 0.00, print: 0.00, other: 0.00)
Prover steps counted:  60
ALISTP-OF-MAKE-STATUS-CONTENT

Summary
Form:  ( PROGN (DEFTHM ALISTP-OF-MAKE-STATUS-CONTENT ...) ...)
Rules: NIL
Time:  0.00 seconds (prove: 0.00, print: 0.00, other: 0.00)
Prover steps counted:  60
MAKE-STATUS-CONTENT

Summary
Form:  ( DEFUN MAKE-STREAM-CONTENT ...)
Rules: ((:EXECUTABLE-COUNTERPART TRUE-LISTP)
        (:FAKE-RUNE-FOR-TYPE-SET NIL))
Time:  0.00 seconds (prove: 0.00, print: 0.00, other: 0.00)
Goal'

Summary
Form:  ( DEFTHM ALISTP-OF-MAKE-STREAM-CONTENT ...)
Rules: ((:DEFINITION ALISTP)
        (:DEFINITION MAKE-STREAM-CONTENT)
        (:EXECUTABLE-COUNTERPART ALISTP)
        (:FAKE-RUNE-FOR-TYPE-SET NIL)
        (:REWRITE CAR-CONS)
        (:REWRITE CDR-CONS)
        (:TYPE-PRESCRIPTION ALISTP))
Time:  0.00 seconds (prove: 0.00, print: 0.00, other: 0.00)
Prover steps counted:  159
ALISTP-OF-MAKE-STREAM-CONTENT

Summary
Form:  ( PROGN (DEFTHM ALISTP-OF-MAKE-STREAM-CONTENT ...) ...)
Rules: NIL
Time:  0.00 seconds (prove: 0.00, print: 0.00, other: 0.00)
Prover steps counted:  159
MAKE-STREAM-CONTENT

Summary
Form:  ( DEFUN MAKE-EXECUTE-RESULT-CONTENT ...)
Rules: ((:FAKE-RUNE-FOR-TYPE-SET NIL))
Time:  0.00 seconds (prove: 0.00, print: 0.00, other: 0.00)
Goal'

Summary
Form:  ( DEFTHM ALISTP-OF-MAKE-EXECUTE-RESULT-CONTENT ...)
Rules: ((:DEFINITION ALISTP)
        (:DEFINITION MAKE-EXECUTE-RESULT-CONTENT)
        (:EXECUTABLE-COUNTERPART ALISTP)
        (:FAKE-RUNE-FOR-TYPE-SET NIL)
        (:REWRITE CAR-CONS)
        (:REWRITE CDR-CONS)
        (:TYPE-PRESCRIPTION ALISTP))
Time:  0.00 seconds (prove: 0.00, print: 0.00, other: 0.00)
Prover steps counted:  139
ALISTP-OF-MAKE-EXECUTE-RESULT-CONTENT

Summary
Form:  ( PROGN (DEFTHM ALISTP-OF-MAKE-EXECUTE-RESULT-CONTENT ...) ...)
Rules: NIL
Time:  0.00 seconds (prove: 0.00, print: 0.00, other: 0.00)
Prover steps counted:  139
MAKE-EXECUTE-RESULT-CONTENT

Summary
Form:  ( DEFUN MAKE-ERROR-CONTENT ...)
Rules: ((:FAKE-RUNE-FOR-TYPE-SET NIL))
Time:  0.00 seconds (prove: 0.00, print: 0.00, other: 0.00)
Goal'

Summary
Form:  ( DEFTHM ALISTP-OF-MAKE-ERROR-CONTENT ...)
Rules: ((:DEFINITION ALISTP)
        (:DEFINITION MAKE-ERROR-CONTENT)
        (:EXECUTABLE-COUNTERPART ALISTP)
        (:FAKE-RUNE-FOR-TYPE-SET NIL)
        (:REWRITE CAR-CONS)
        (:REWRITE CDR-CONS)
        (:TYPE-PRESCRIPTION ALISTP))
Time:  0.00 seconds (prove: 0.00, print: 0.00, other: 0.00)
Prover steps counted:  304
ALISTP-OF-MAKE-ERROR-CONTENT

Summary
Form:  ( PROGN (DEFTHM ALISTP-OF-MAKE-ERROR-CONTENT ...) ...)
Rules: NIL
Time:  0.00 seconds (prove: 0.00, print: 0.00, other: 0.00)
Prover steps counted:  304
MAKE-ERROR-CONTENT

Summary
Form:  ( DEFUN REPLY-MESSAGE-TYPE ...)
Rules: NIL
Time:  0.00 seconds (prove: 0.00, print: 0.00, other: 0.00)

Summary
Form:  ( DEFTHM STRINGP-OF-REPLY-MESSAGE-TYPE ...)
Rules: ((:TYPE-PRESCRIPTION REPLY-MESSAGE-TYPE))
Time:  0.00 seconds (prove: 0.00, print: 0.00, other: 0.00)
STRINGP-OF-REPLY-MESSAGE-TYPE

Summary
Form:  ( PROGN (DEFTHM STRINGP-OF-REPLY-MESSAGE-TYPE ...) ...)
Rules: NIL
Time:  0.00 seconds (prove: 0.00, print: 0.00, other: 0.00)
REPLY-MESSAGE-TYPE
:PASSED
:PASSED
:PASSED
:PASSED
:PASSED
:PASSED
:PASSED
:PASSED
:PASSED
:PASSED
:PASSED
:PASSED
:PASSED
:PASSED
:PASSED
:PASSED
:PASSED
:PASSED
:PASSED

Summary
Form:  ( PROGN (ASSERT! ...) ...)
Rules: NIL
Time:  0.00 seconds (prove: 0.00, print: 0.00, other: 0.00)
:PASSED

Summary
Form:  ( INCLUDE-BOOK "kernel" ...)
Rules: NIL
Time:  0.02 seconds (prove: 0.00, print: 0.00, other: 0.02)



Summary
Form:  (CERTIFY-BOOK "kernel" ...)
Rules: NIL
Time:  0.51 seconds (prove: 0.01, print: 0.00, other: 0.50)
Prover steps counted:  3100
; (EV-REC *RETURN-LAST-ARG3* ...) took 
; 0.51 seconds realtime, 0.48 seconds runtime
; (258,440,672 bytes allocated).
Exit code from ACL2 is 43
-rw-r--r-- 1 jovyan users 98149 Jan 16 02:40 kernel.cert
