"-*- Mode: auto-revert -*-"
/workspaces/acl2-jupyter/books/acl2-kernel
HOST: 685e4b1a4e86

Environment variables:
ACL2_CUSTOMIZATION=NONE
ACL2_SYSTEM_BOOKS=/home/acl2/books
ACL2=/home/acl2/saved_acl2
ACL2_USELESS_RUNES=-25

Temp lisp file:
(acl2::value :q)
(acl2::in-package "ACL2")
; see github issue #638 (waterfall-parallelism and profiling): 
#+(and hons (not acl2-par)) (profile-fn 'prove)
#+(and hons (not acl2-par)) (profile-fn 'certify-book-fn)
#+(and hons (not acl2-par)) (profile-fn 'include-book-fn)
(acl2::lp)
(set-debugger-enable :bt)
(acl2::in-package "ACL2")

(set-ld-error-action (quote (:exit 1)) state)
(set-inhibit-output-lst (list (quote prove) (quote proof-tree) (quote warning) (quote observation) (quote event) (quote history)))

(acl2::assign acl2::get-internal-time-as-realtime acl2::t)
#-cmucl (acl2::gc-verbose t)
; instructions from .acl2 file cert.acl2:
; ACL2 Jupyter Kernel
; Copyright (C) 2026
;
; License: MIT

(include-book "portcullis")
; cert-flags: ? t :ttags :all


; Prevent reset-prehistory while loading .port files
(acl2::assign acl2::skip-reset-prehistory acl2::t)
; portculli for included books:
(acl2::ld "centaur/bridge/to-json.port" :dir :SYSTEM :ld-missing-input-ok t :ld-always-skip-top-level-locals t)
(acl2::ld "kestrel/crypto/interfaces/hmac-sha-256.port" :dir :SYSTEM :ld-missing-input-ok t :ld-always-skip-top-level-locals t)
(acl2::ld "kestrel/typed-lists-light/map-char-code.port" :dir :SYSTEM :ld-missing-input-ok t :ld-always-skip-top-level-locals t)
(acl2::ld "kestrel/utilities/strings/hexstrings.port" :dir :SYSTEM :ld-missing-input-ok t :ld-always-skip-top-level-locals t)
(acl2::ld "std/strings/top.port" :dir :SYSTEM :ld-missing-input-ok t :ld-always-skip-top-level-locals t)
(acl2::ld "std/util/define.port" :dir :SYSTEM :ld-missing-input-ok t :ld-always-skip-top-level-locals t)
(acl2::ld "centaur/bitops/ihsext-basics.port" :dir :SYSTEM :ld-missing-input-ok t :ld-always-skip-top-level-locals t)
(acl2::ld "std/testing/assert-bang.port" :dir :SYSTEM :ld-missing-input-ok t :ld-always-skip-top-level-locals t)
#!ACL2 (set-ld-error-action (quote :continue) state)

; certify-book command flags: ? t :ttags :all
#!ACL2 (er-progn (time$ (certify-book "message" ? t :ttags :all  ))
                                 (value (prog2$ #+hons (memsum)
                                                 #-hons nil
                                                 (exit 43))))
--- End temp lisp file ---

TARGET: message
STEP: certify
Start of output:

This is SBCL 2.5.11, an implementation of ANSI Common Lisp.
More information about SBCL is available at <http://www.sbcl.org/>.

SBCL is free software, provided as is, with absolutely no warranty.
It is mostly in the public domain; some portions are provided under
BSD-style licenses.  See the CREDITS and COPYING files in the
distribution for more information.

 ++++++++++++++++++++++++++++++++++++++++++++++++++++++++++++++++++++++++
 + ACL2 Version 8.6+ (a development snapshot based on ACL2 Version 8.6) +
 +   built January 15, 2026  05:18:19.                                  +
 +   (Note from the environment when this executable was saved:         +
 +    jimwhite/acl2 git commit hash: e1e49a9082e4cbbb9667a065762dea73c03f904d) +
 + Copyright (C) 2026, Regents of the University of Texas.              +
 + ACL2 comes with ABSOLUTELY NO WARRANTY.  This is free software and   +
 + you are welcome to redistribute it under certain conditions.  For    +
 + details, see the LICENSE file distributed with ACL2.                 +
 ++++++++++++++++++++++++++++++++++++++++++++++++++++++++++++++++++++++++

Project-dir-alist:
((:SYSTEM . "/home/acl2/books/")).
Type :help for help.
Type (quit) to quit completely out of ACL2.

ACL2 !>
Exiting the ACL2 read-eval-print loop.  To re-enter, execute (LP).
* #<PACKAGE "ACL2">
* 
Project-dir-alist:
((:SYSTEM . "/home/acl2/books/")).
Type :help for help.
Type (quit) to quit completely out of ACL2.

ACL2 !><state>
ACL2 !> "ACL2"
ACL2 !> (:EXIT 1)
ACL2 !> (PROVE PROOF-TREE
        WARNING OBSERVATION EVENT HISTORY)
ACL2 !> T
ACL2 !>GC-VERBOSE is not supported in this Common Lisp.
Contact the ACL2 developers if you would like to help add such support.
NIL
ACL2 !>
Summary
Form:  ( INCLUDE-BOOK "portcullis" ...)
Rules: NIL
Time:  0.03 seconds (prove: 0.00, print: 0.00, other: 0.03)
 "/workspaces/acl2-jupyter/books/acl2-kernel/portcullis.lisp"
ACL2 !> T
ACL2 !>
Project-dir-alist:
((:SYSTEM . "/home/acl2/books/")).
Type :help for help.
Type (quit) to quit completely out of ACL2.

ACL2 !>> "ACL2"
ACL2 !>>
Summary
Form:  ( INCLUDE-BOOK "portcullis" ...)
Rules: NIL
Time:  0.00 seconds (prove: 0.00, print: 0.00, other: 0.00)
 "/home/acl2/books/centaur/bridge/portcullis.lisp"
ACL2 !>>
Summary
Form:  ( INCLUDE-BOOK "cowles/portcullis" ...)
Rules: NIL
Time:  0.01 seconds (prove: 0.00, print: 0.00, other: 0.01)
 "/home/acl2/books/cowles/portcullis.lisp"
ACL2 !>>
Summary
Form:  ( INCLUDE-BOOK "data-structures/portcullis" ...)
Rules: NIL
Time:  0.02 seconds (prove: 0.00, print: 0.00, other: 0.02)
 "/home/acl2/books/data-structures/portcullis.lisp"
ACL2 !>>
Summary
Form:  ( INCLUDE-BOOK "centaur/fty/portcullis" ...)
Rules: NIL
Time:  0.01 seconds (prove: 0.00, print: 0.00, other: 0.01)
 "/home/acl2/books/centaur/fty/portcullis.lisp"
ACL2 !>>
Summary
Form:  ( INCLUDE-BOOK "std/typed-lists/portcullis" ...)
Rules: NIL
Time:  0.00 seconds (prove: 0.00, print: 0.00, other: 0.00)
 "/home/acl2/books/std/typed-lists/portcullis.lisp"
ACL2 !>>Bye.
 :EOF
ACL2 !>
Project-dir-alist:
((:SYSTEM . "/home/acl2/books/")).
Type :help for help.
Type (quit) to quit completely out of ACL2.

ACL2 !>> "ACL2"
ACL2 !>>
Summary
Form:  ( INCLUDE-BOOK "../portcullis" ...)
Rules: NIL
Time:  0.00 seconds (prove: 0.00, print: 0.00, other: 0.00)
 "/home/acl2/books/kestrel/crypto/portcullis.lisp"
ACL2 !>>
The event ( INCLUDE-BOOK "centaur/fty/portcullis" ...) is redundant.
See :DOC redundant-events.

Summary
Form:  ( INCLUDE-BOOK "centaur/fty/portcullis" ...)
Rules: NIL
Time:  0.00 seconds (prove: 0.00, print: 0.00, other: 0.00)
 :REDUNDANT
ACL2 !>>
The event ( INCLUDE-BOOK "cowles/portcullis" ...) is redundant.  See
:DOC redundant-events.

Summary
Form:  ( INCLUDE-BOOK "cowles/portcullis" ...)
Rules: NIL
Time:  0.00 seconds (prove: 0.00, print: 0.00, other: 0.00)
 :REDUNDANT
ACL2 !>>
The event ( INCLUDE-BOOK "data-structures/portcullis" ...) is redundant.
See :DOC redundant-events.

Summary
Form:  ( INCLUDE-BOOK "data-structures/portcullis" ...)
Rules: NIL
Time:  0.00 seconds (prove: 0.00, print: 0.00, other: 0.00)
 :REDUNDANT
ACL2 !>>
Summary
Form:  ( INCLUDE-BOOK "std/omaps/portcullis" ...)
Rules: NIL
Time:  0.00 seconds (prove: 0.00, print: 0.00, other: 0.00)
 "/home/acl2/books/std/omaps/portcullis.lisp"
ACL2 !>>
The event ( INCLUDE-BOOK "std/typed-lists/portcullis" ...) is redundant.
See :DOC redundant-events.

Summary
Form:  ( INCLUDE-BOOK "std/typed-lists/portcullis" ...)
Rules: NIL
Time:  0.00 seconds (prove: 0.00, print: 0.00, other: 0.00)
 :REDUNDANT
ACL2 !>>Bye.
 :EOF
ACL2 !>
Project-dir-alist:
((:SYSTEM . "/home/acl2/books/")).
Type :help for help.
Type (quit) to quit completely out of ACL2.

ACL2 !>> "ACL2"
ACL2 !>>
The event ( INCLUDE-BOOK "std/portcullis" ...) is redundant.  See :DOC
redundant-events.

Summary
Form:  ( INCLUDE-BOOK "std/portcullis" ...)
Rules: NIL
Time:  0.00 seconds (prove: 0.00, print: 0.00, other: 0.00)
 :REDUNDANT
ACL2 !>>
The event ( INCLUDE-BOOK "cowles/portcullis" ...) is redundant.  See
:DOC redundant-events.

Summary
Form:  ( INCLUDE-BOOK "cowles/portcullis" ...)
Rules: NIL
Time:  0.00 seconds (prove: 0.00, print: 0.00, other: 0.00)
 :REDUNDANT
ACL2 !>>Bye.
 :EOF
ACL2 !>
Project-dir-alist:
((:SYSTEM . "/home/acl2/books/")).
Type :help for help.
Type (quit) to quit completely out of ACL2.

ACL2 !>> "ACL2"
ACL2 !>>
The event ( INCLUDE-BOOK "std/portcullis" ...) is redundant.  See :DOC
redundant-events.

Summary
Form:  ( INCLUDE-BOOK "std/portcullis" ...)
Rules: NIL
Time:  0.00 seconds (prove: 0.00, print: 0.00, other: 0.00)
 :REDUNDANT
ACL2 !>>
The event ( INCLUDE-BOOK "cowles/portcullis" ...) is redundant.  See
:DOC redundant-events.

Summary
Form:  ( INCLUDE-BOOK "cowles/portcullis" ...)
Rules: NIL
Time:  0.00 seconds (prove: 0.00, print: 0.00, other: 0.00)
 :REDUNDANT
ACL2 !>>
The event ( INCLUDE-BOOK "std/typed-lists/portcullis" ...) is redundant.
See :DOC redundant-events.

Summary
Form:  ( INCLUDE-BOOK "std/typed-lists/portcullis" ...)
Rules: NIL
Time:  0.00 seconds (prove: 0.00, print: 0.00, other: 0.00)
 :REDUNDANT
ACL2 !>>
The event ( INCLUDE-BOOK "data-structures/portcullis" ...) is redundant.
See :DOC redundant-events.

Summary
Form:  ( INCLUDE-BOOK "data-structures/portcullis" ...)
Rules: NIL
Time:  0.00 seconds (prove: 0.00, print: 0.00, other: 0.00)
 :REDUNDANT
ACL2 !>>
The event ( INCLUDE-BOOK "centaur/fty/portcullis" ...) is redundant.
See :DOC redundant-events.

Summary
Form:  ( INCLUDE-BOOK "centaur/fty/portcullis" ...)
Rules: NIL
Time:  0.00 seconds (prove: 0.00, print: 0.00, other: 0.00)
 :REDUNDANT
ACL2 !>>Bye.
 :EOF
ACL2 !>
Project-dir-alist:
((:SYSTEM . "/home/acl2/books/")).
Type :help for help.
Type (quit) to quit completely out of ACL2.

ACL2 !>> "ACL2"
ACL2 !>>
The event ( INCLUDE-BOOK "std/portcullis" ...) is redundant.  See :DOC
redundant-events.

Summary
Form:  ( INCLUDE-BOOK "std/portcullis" ...)
Rules: NIL
Time:  0.00 seconds (prove: 0.00, print: 0.00, other: 0.00)
 :REDUNDANT
ACL2 !>>
The event ( INCLUDE-BOOK "cowles/portcullis" ...) is redundant.  See
:DOC redundant-events.

Summary
Form:  ( INCLUDE-BOOK "cowles/portcullis" ...)
Rules: NIL
Time:  0.00 seconds (prove: 0.00, print: 0.00, other: 0.00)
 :REDUNDANT
ACL2 !>>
The event ( INCLUDE-BOOK "data-structures/portcullis" ...) is redundant.
See :DOC redundant-events.

Summary
Form:  ( INCLUDE-BOOK "data-structures/portcullis" ...)
Rules: NIL
Time:  0.00 seconds (prove: 0.00, print: 0.00, other: 0.00)
 :REDUNDANT
ACL2 !>>
The event ( INCLUDE-BOOK "centaur/fty/portcullis" ...) is redundant.
See :DOC redundant-events.

Summary
Form:  ( INCLUDE-BOOK "centaur/fty/portcullis" ...)
Rules: NIL
Time:  0.00 seconds (prove: 0.00, print: 0.00, other: 0.00)
 :REDUNDANT
ACL2 !>>
The event ( INCLUDE-BOOK "std/typed-lists/portcullis" ...) is redundant.
See :DOC redundant-events.

Summary
Form:  ( INCLUDE-BOOK "std/typed-lists/portcullis" ...)
Rules: NIL
Time:  0.00 seconds (prove: 0.00, print: 0.00, other: 0.00)
 :REDUNDANT
ACL2 !>>Bye.
 :EOF
ACL2 !>
Project-dir-alist:
((:SYSTEM . "/home/acl2/books/")).
Type :help for help.
Type (quit) to quit completely out of ACL2.

ACL2 !>> "ACL2"
ACL2 !>>
The event ( INCLUDE-BOOK "../portcullis" ...) is redundant.  See :DOC
redundant-events.

Summary
Form:  ( INCLUDE-BOOK "../portcullis" ...)
Rules: NIL
Time:  0.00 seconds (prove: 0.00, print: 0.00, other: 0.00)
 :REDUNDANT
ACL2 !>>Bye.
 :EOF
ACL2 !>
Project-dir-alist:
((:SYSTEM . "/home/acl2/books/")).
Type :help for help.
Type (quit) to quit completely out of ACL2.

ACL2 !>> "ACL2"
ACL2 !>>
The event ( INCLUDE-BOOK "portcullis" ...) is redundant.  See :DOC
redundant-events.

Summary
Form:  ( INCLUDE-BOOK "portcullis" ...)
Rules: NIL
Time:  0.00 seconds (prove: 0.00, print: 0.00, other: 0.00)
 :REDUNDANT
ACL2 !>>
The event ( INCLUDE-BOOK "cowles/portcullis" ...) is redundant.  See
:DOC redundant-events.

Summary
Form:  ( INCLUDE-BOOK "cowles/portcullis" ...)
Rules: NIL
Time:  0.00 seconds (prove: 0.00, print: 0.00, other: 0.00)
 :REDUNDANT
ACL2 !>>
The event ( INCLUDE-BOOK "data-structures/portcullis" ...) is redundant.
See :DOC redundant-events.

Summary
Form:  ( INCLUDE-BOOK "data-structures/portcullis" ...)
Rules: NIL
Time:  0.00 seconds (prove: 0.00, print: 0.00, other: 0.00)
 :REDUNDANT
ACL2 !>>
The event ( INCLUDE-BOOK "centaur/fty/portcullis" ...) is redundant.
See :DOC redundant-events.

Summary
Form:  ( INCLUDE-BOOK "centaur/fty/portcullis" ...)
Rules: NIL
Time:  0.00 seconds (prove: 0.00, print: 0.00, other: 0.00)
 :REDUNDANT
ACL2 !>>Bye.
 :EOF
ACL2 !>
Project-dir-alist:
((:SYSTEM . "/home/acl2/books/")).
Type :help for help.
Type (quit) to quit completely out of ACL2.

ACL2 !>> "ACL2"
ACL2 !>>
The event ( INCLUDE-BOOK "std/portcullis" ...) is redundant.  See :DOC
redundant-events.

Summary
Form:  ( INCLUDE-BOOK "std/portcullis" ...)
Rules: NIL
Time:  0.00 seconds (prove: 0.00, print: 0.00, other: 0.00)
 :REDUNDANT
ACL2 !>>Bye.
 :EOF
ACL2 !> :CONTINUE
ACL2 !>
Summary
Form:  ( ACL2::INCLUDE-BOOK "centaur/bridge/to-json" ...)
Rules: NIL
Time:  0.12 seconds (prove: 0.00, print: 0.00, other: 0.12)
"/home/acl2/books/centaur/bridge/to-json.lisp"

Summary
Form:  ( ACL2::INCLUDE-BOOK "kestrel/crypto/interfaces/hmac-sha-256"
...)
Rules: NIL
Time:  0.30 seconds (prove: 0.00, print: 0.00, other: 0.30)
"/home/acl2/books/kestrel/crypto/interfaces/hmac-sha-256.lisp"

Summary
Form:  ( ACL2::INCLUDE-BOOK "kestrel/typed-lists-light/map-char-code"
...)
Rules: NIL
Time:  0.00 seconds (prove: 0.00, print: 0.00, other: 0.00)
"/home/acl2/books/kestrel/typed-lists-light/map-char-code.lisp"

Summary
Form:  ( ACL2::INCLUDE-BOOK "kestrel/utilities/strings/hexstrings"
...)
Rules: NIL
Time:  0.05 seconds (prove: 0.00, print: 0.00, other: 0.05)
"/home/acl2/books/kestrel/utilities/strings/hexstrings.lisp"

Summary
Form:  ( ACL2::INCLUDE-BOOK "std/strings/top" ...)
Rules: NIL
Time:  0.10 seconds (prove: 0.00, print: 0.00, other: 0.10)
"/home/acl2/books/std/strings/top.lisp"

The event ( ACL2::INCLUDE-BOOK "std/util/define" ...) is redundant.
See :DOC redundant-events.

Summary
Form:  ( ACL2::INCLUDE-BOOK "std/util/define" ...)
Rules: NIL
Time:  0.00 seconds (prove: 0.00, print: 0.00, other: 0.00)
:REDUNDANT
Bitops Note: disabling FLOOR, MOD, EXPT, ASH, EVENP, ODDP, LOGBITP,
LOGBIT, LOGIOR, LOGAND, LOGNOT, LOGXOR, LOGITE, LOGCONS, LOGCAR, LOGCDR,
LOGHEAD, LOGTAIL, INTEGER-LENGTH, LOGMASKP, LOGEXT, LOGAPP, LOGREV,
B-EQV, B-NAND, B-NOR, B-ANDC1, B-ANDC2, B-ORC1, B-ORC2, B-NOT, B-AND,
B-IOR, B-XOR, B-ITE, BFIX, BITP and LOGCOUNT.


Summary
Form:  ( ACL2::INCLUDE-BOOK "centaur/bitops/ihsext-basics" ...)
Rules: NIL
Time:  0.03 seconds (prove: 0.00, print: 0.00, other: 0.03)
"/home/acl2/books/centaur/bitops/ihsext-basics.lisp"

Summary
Form:  ( ACL2::INCLUDE-BOOK "std/testing/assert-bang" ...)
Rules: NIL
Time:  0.00 seconds (prove: 0.00, print: 0.00, other: 0.00)
"/home/acl2/books/std/testing/assert-bang.lisp"

Summary
Form:  ( DEFUN STRING-TO-BYTES ...)
Rules: ((:FAKE-RUNE-FOR-TYPE-SET NIL)
        (:FORWARD-CHAINING CHARACTER-LISTP-COERCE)
        (:TYPE-PRESCRIPTION ACL2::MAP-CHAR-CODE))
Time:  0.00 seconds (prove: 0.00, print: 0.00, other: 0.00)

Summary
Form:  ( DEFTHM BYTE-LISTP-OF-STRING-TO-BYTES ...)
Rules: ((:COMPOUND-RECOGNIZER
             ACL2::TRUE-LISTP-WHEN-BYTE-LISTP-COMPOUND-RECOGNIZER)
        (:DEFINITION STRING-TO-BYTES)
        (:EXECUTABLE-COUNTERPART TAU-SYSTEM)
        (:REWRITE STR::COERCE-TO-LIST-REMOVAL)
        (:TYPE-PRESCRIPTION ACL2::BYTE-LISTP))
Time:  0.00 seconds (prove: 0.00, print: 0.00, other: 0.00)
Prover steps counted:  18
BYTE-LISTP-OF-STRING-TO-BYTES

Summary
Form:  ( PROGN (DEFTHM BYTE-LISTP-OF-STRING-TO-BYTES ...) ...)
Rules: NIL
Time:  0.00 seconds (prove: 0.00, print: 0.00, other: 0.00)
Prover steps counted:  18
STRING-TO-BYTES

Summary
Form:  ( DEFUN BYTES-TO-HEX-STRING ...)
Rules: ((:TYPE-PRESCRIPTION STR::DOWNCASE-STRING)
        (:TYPE-PRESCRIPTION ACL2::UBYTE8S=>HEXSTRING)
        (:TYPE-PRESCRIPTION ACL2::UNSIGNED-BYTE-LISTP))
Time:  0.00 seconds (prove: 0.00, print: 0.00, other: 0.00)

Summary
Form:  ( DEFTHM STRINGP-OF-BYTES-TO-HEX-STRING ...)
Rules: ((:TYPE-PRESCRIPTION BYTES-TO-HEX-STRING))
Time:  0.00 seconds (prove: 0.00, print: 0.00, other: 0.00)
STRINGP-OF-BYTES-TO-HEX-STRING

Summary
Form:  ( PROGN (DEFTHM STRINGP-OF-BYTES-TO-HEX-STRING ...) ...)
Rules: NIL
Time:  0.00 seconds (prove: 0.00, print: 0.00, other: 0.00)
BYTES-TO-HEX-STRING

Summary
Form:  ( DEFUN HMAC-SIGN ...)
Rules: NIL
Time:  0.00 seconds (prove: 0.00, print: 0.00, other: 0.00)
HMAC-SIGN

Summary
Form:  ( DEFUN MAKE-HEADER ...)
Rules: ((:FAKE-RUNE-FOR-TYPE-SET NIL))
Time:  0.00 seconds (prove: 0.00, print: 0.00, other: 0.00)
Goal'

Summary
Form:  ( DEFTHM ALISTP-OF-MAKE-HEADER ...)
Rules: ((:DEFINITION ALISTP)
        (:DEFINITION MAKE-HEADER)
        (:EXECUTABLE-COUNTERPART ALISTP)
        (:FAKE-RUNE-FOR-TYPE-SET NIL)
        (:REWRITE CAR-CONS)
        (:REWRITE CDR-CONS)
        (:TYPE-PRESCRIPTION ALISTP))
Time:  0.00 seconds (prove: 0.00, print: 0.00, other: 0.00)
Prover steps counted:  567
ALISTP-OF-MAKE-HEADER

Summary
Form:  ( PROGN (DEFTHM ALISTP-OF-MAKE-HEADER ...) ...)
Rules: NIL
Time:  0.00 seconds (prove: 0.00, print: 0.00, other: 0.00)
Prover steps counted:  567
MAKE-HEADER

Summary
Form:  ( DEFUN JSON-ENCODE ...)
Rules: ((:TYPE-PRESCRIPTION BRIDGE::STRINGP-OF-JSON-ENCODE))
Time:  0.00 seconds (prove: 0.00, print: 0.00, other: 0.00)

Summary
Form:  ( DEFTHM STRINGP-OF-JSON-ENCODE ...)
Rules: ((:TYPE-PRESCRIPTION JSON-ENCODE))
Time:  0.00 seconds (prove: 0.00, print: 0.00, other: 0.00)
STRINGP-OF-JSON-ENCODE

Summary
Form:  ( PROGN (DEFTHM STRINGP-OF-JSON-ENCODE ...) ...)
Rules: NIL
Time:  0.00 seconds (prove: 0.00, print: 0.00, other: 0.00)
JSON-ENCODE

Summary
Form:  ( DEFCONST *MSG-DELIMITER* ...)
Rules: NIL
Time:  0.00 seconds (prove: 0.00, print: 0.00, other: 0.00)
*MSG-DELIMITER*

Summary
Form:  ( DEFUN MESSAGE-SIGNATURE ...)
Rules: NIL
Time:  0.00 seconds (prove: 0.00, print: 0.00, other: 0.00)
MESSAGE-SIGNATURE

Summary
Form:  ( DEFUN MAKE-MESSAGE-ENVELOPE ...)
Rules: NIL
Time:  0.00 seconds (prove: 0.00, print: 0.00, other: 0.00)
MAKE-MESSAGE-ENVELOPE

Summary
Form:  ( DEFUN KERNEL-INFO-CONTENT ...)
Rules: NIL
Time:  0.00 seconds (prove: 0.00, print: 0.00, other: 0.00)

Summary
Form:  ( DEFTHM ALISTP-OF-KERNEL-INFO-CONTENT ...)
Rules: ((:EXECUTABLE-COUNTERPART ALISTP)
        (:EXECUTABLE-COUNTERPART KERNEL-INFO-CONTENT)
        (:TYPE-PRESCRIPTION ALISTP))
Time:  0.00 seconds (prove: 0.00, print: 0.00, other: 0.00)
Prover steps counted:  4
ALISTP-OF-KERNEL-INFO-CONTENT

Summary
Form:  ( PROGN (DEFTHM ALISTP-OF-KERNEL-INFO-CONTENT ...) ...)
Rules: NIL
Time:  0.00 seconds (prove: 0.00, print: 0.00, other: 0.00)
Prover steps counted:  4
KERNEL-INFO-CONTENT

Summary
Form:  ( DEFUN STATUS-CONTENT ...)
Rules: ((:FAKE-RUNE-FOR-TYPE-SET NIL))
Time:  0.00 seconds (prove: 0.00, print: 0.00, other: 0.00)
Goal'

Summary
Form:  ( DEFTHM ALISTP-OF-STATUS-CONTENT ...)
Rules: ((:DEFINITION ALISTP)
        (:DEFINITION STATUS-CONTENT)
        (:EXECUTABLE-COUNTERPART ALISTP)
        (:FAKE-RUNE-FOR-TYPE-SET NIL)
        (:REWRITE CAR-CONS)
        (:REWRITE CDR-CONS)
        (:TYPE-PRESCRIPTION ALISTP))
Time:  0.00 seconds (prove: 0.00, print: 0.00, other: 0.00)
Prover steps counted:  55
ALISTP-OF-STATUS-CONTENT

Summary
Form:  ( PROGN (DEFTHM ALISTP-OF-STATUS-CONTENT ...) ...)
Rules: NIL
Time:  0.00 seconds (prove: 0.00, print: 0.00, other: 0.00)
Prover steps counted:  55
STATUS-CONTENT

Summary
Form:  ( DEFUN EXECUTE-REPLY-OK ...)
Rules: ((:FAKE-RUNE-FOR-TYPE-SET NIL))
Time:  0.00 seconds (prove: 0.00, print: 0.00, other: 0.00)
Goal'

Summary
Form:  ( DEFTHM ALISTP-OF-EXECUTE-REPLY-OK ...)
Rules: ((:DEFINITION ALISTP)
        (:DEFINITION EXECUTE-REPLY-OK)
        (:EXECUTABLE-COUNTERPART ALISTP)
        (:EXECUTABLE-COUNTERPART CONSP)
        (:FAKE-RUNE-FOR-TYPE-SET NIL)
        (:REWRITE CAR-CONS)
        (:REWRITE CDR-CONS)
        (:TYPE-PRESCRIPTION ALISTP))
Time:  0.00 seconds (prove: 0.00, print: 0.00, other: 0.00)
Prover steps counted:  107
ALISTP-OF-EXECUTE-REPLY-OK

Summary
Form:  ( PROGN (DEFTHM ALISTP-OF-EXECUTE-REPLY-OK ...) ...)
Rules: NIL
Time:  0.00 seconds (prove: 0.00, print: 0.00, other: 0.00)
Prover steps counted:  107
EXECUTE-REPLY-OK

Summary
Form:  ( DEFUN EXECUTE-REPLY-ERROR ...)
Rules: ((:FAKE-RUNE-FOR-TYPE-SET NIL))
Time:  0.00 seconds (prove: 0.00, print: 0.00, other: 0.00)
Goal'

Summary
Form:  ( DEFTHM ALISTP-OF-EXECUTE-REPLY-ERROR ...)
Rules: ((:DEFINITION ALISTP)
        (:DEFINITION EXECUTE-REPLY-ERROR)
        (:EXECUTABLE-COUNTERPART ALISTP)
        (:EXECUTABLE-COUNTERPART CONSP)
        (:FAKE-RUNE-FOR-TYPE-SET NIL)
        (:REWRITE CAR-CONS)
        (:REWRITE CDR-CONS)
        (:TYPE-PRESCRIPTION ALISTP))
Time:  0.00 seconds (prove: 0.00, print: 0.00, other: 0.00)
Prover steps counted:  497
ALISTP-OF-EXECUTE-REPLY-ERROR

Summary
Form:  ( PROGN (DEFTHM ALISTP-OF-EXECUTE-REPLY-ERROR ...) ...)
Rules: NIL
Time:  0.00 seconds (prove: 0.00, print: 0.00, other: 0.00)
Prover steps counted:  497
EXECUTE-REPLY-ERROR

Summary
Form:  ( DEFUN STREAM-CONTENT ...)
Rules: ((:FAKE-RUNE-FOR-TYPE-SET NIL))
Time:  0.00 seconds (prove: 0.00, print: 0.00, other: 0.00)
Goal'

Summary
Form:  ( DEFTHM ALISTP-OF-STREAM-CONTENT ...)
Rules: ((:DEFINITION ALISTP)
        (:DEFINITION STREAM-CONTENT)
        (:EXECUTABLE-COUNTERPART ALISTP)
        (:FAKE-RUNE-FOR-TYPE-SET NIL)
        (:REWRITE CAR-CONS)
        (:REWRITE CDR-CONS)
        (:TYPE-PRESCRIPTION ALISTP))
Time:  0.00 seconds (prove: 0.00, print: 0.00, other: 0.00)
Prover steps counted:  129
ALISTP-OF-STREAM-CONTENT

Summary
Form:  ( PROGN (DEFTHM ALISTP-OF-STREAM-CONTENT ...) ...)
Rules: NIL
Time:  0.00 seconds (prove: 0.00, print: 0.00, other: 0.00)
Prover steps counted:  129
STREAM-CONTENT

Summary
Form:  ( DEFUN EXECUTE-RESULT-CONTENT ...)
Rules: ((:FAKE-RUNE-FOR-TYPE-SET NIL))
Time:  0.00 seconds (prove: 0.00, print: 0.00, other: 0.00)
Goal'

Summary
Form:  ( DEFTHM ALISTP-OF-EXECUTE-RESULT-CONTENT ...)
Rules: ((:DEFINITION ALISTP)
        (:DEFINITION EXECUTE-RESULT-CONTENT)
        (:EXECUTABLE-COUNTERPART ALISTP)
        (:FAKE-RUNE-FOR-TYPE-SET NIL)
        (:REWRITE CAR-CONS)
        (:REWRITE CDR-CONS)
        (:TYPE-PRESCRIPTION ALISTP))
Time:  0.00 seconds (prove: 0.00, print: 0.00, other: 0.00)
Prover steps counted:  239
ALISTP-OF-EXECUTE-RESULT-CONTENT

Summary
Form:  ( PROGN (DEFTHM ALISTP-OF-EXECUTE-RESULT-CONTENT ...) ...)
Rules: NIL
Time:  0.00 seconds (prove: 0.00, print: 0.00, other: 0.00)
Prover steps counted:  239
EXECUTE-RESULT-CONTENT
:PASSED
:PASSED
:PASSED
:PASSED
:PASSED
:PASSED
:PASSED
:PASSED
:PASSED
:PASSED
:PASSED

Summary
Form:  ( PROGN (ASSERT! ...) ...)
Rules: NIL
Time:  0.00 seconds (prove: 0.00, print: 0.00, other: 0.00)
:PASSED

Summary
Form:  ( INCLUDE-BOOK "message" ...)
Rules: NIL
Time:  0.01 seconds (prove: 0.00, print: 0.00, other: 0.01)



Summary
Form:  (CERTIFY-BOOK "message" ...)
Rules: NIL
Time:  0.69 seconds (prove: 0.00, print: 0.00, other: 0.69)
Prover steps counted:  1616
; (EV-REC *RETURN-LAST-ARG3* ...) took 
; 0.69 seconds realtime, 0.67 seconds runtime
; (349,839,664 bytes allocated).
Exit code from ACL2 is 43
-rw-r--r-- 1 jovyan users 84110 Jan 15 22:30 message.cert
