"-*- Mode: auto-revert -*-"
/workspaces/acl2-jupyter/books/acl2-kernel
HOST: 685e4b1a4e86

Environment variables:
ACL2_CUSTOMIZATION=NONE
ACL2_SYSTEM_BOOKS=/home/acl2/books
ACL2=/home/acl2/saved_acl2
ACL2_USELESS_RUNES=-25

Temp lisp file:
(acl2::value :q)
(acl2::in-package "ACL2")
; see github issue #638 (waterfall-parallelism and profiling): 
#+(and hons (not acl2-par)) (profile-fn 'prove)
#+(and hons (not acl2-par)) (profile-fn 'certify-book-fn)
#+(and hons (not acl2-par)) (profile-fn 'include-book-fn)
(acl2::lp)
(set-debugger-enable :bt)
(acl2::in-package "ACL2")

(set-ld-error-action (quote (:exit 1)) state)
(set-inhibit-output-lst (list (quote prove) (quote proof-tree) (quote warning) (quote observation) (quote event) (quote history)))

(acl2::assign acl2::get-internal-time-as-realtime acl2::t)
#-cmucl (acl2::gc-verbose t)
; instructions from .acl2 file portcullis.acl2:
; ACL2 Jupyter Kernel
; Copyright (C) 2026
;
; License: MIT

(in-package "ACL2")
(ld "package.lsp")
; cert-flags: ? t :ttags :all


; Prevent reset-prehistory while loading .port files
(acl2::assign acl2::skip-reset-prehistory acl2::t)
; portculli for included books:
#!ACL2 (set-ld-error-action (quote :continue) state)

; certify-book command flags: ? t :ttags :all
#!ACL2 (er-progn (time$ (certify-book "portcullis" ? t :ttags :all  ))
                                 (value (prog2$ #+hons (memsum)
                                                 #-hons nil
                                                 (exit 43))))
--- End temp lisp file ---

TARGET: portcullis
STEP: certify
Start of output:

This is SBCL 2.5.11, an implementation of ANSI Common Lisp.
More information about SBCL is available at <http://www.sbcl.org/>.

SBCL is free software, provided as is, with absolutely no warranty.
It is mostly in the public domain; some portions are provided under
BSD-style licenses.  See the CREDITS and COPYING files in the
distribution for more information.

 ++++++++++++++++++++++++++++++++++++++++++++++++++++++++++++++++++++++++
 + ACL2 Version 8.6+ (a development snapshot based on ACL2 Version 8.6) +
 +   built January 15, 2026  05:18:19.                                  +
 +   (Note from the environment when this executable was saved:         +
 +    jimwhite/acl2 git commit hash: e1e49a9082e4cbbb9667a065762dea73c03f904d) +
 + Copyright (C) 2026, Regents of the University of Texas.              +
 + ACL2 comes with ABSOLUTELY NO WARRANTY.  This is free software and   +
 + you are welcome to redistribute it under certain conditions.  For    +
 + details, see the LICENSE file distributed with ACL2.                 +
 ++++++++++++++++++++++++++++++++++++++++++++++++++++++++++++++++++++++++

Project-dir-alist:
((:SYSTEM . "/home/acl2/books/")).
Type :help for help.
Type (quit) to quit completely out of ACL2.

ACL2 !>
Exiting the ACL2 read-eval-print loop.  To re-enter, execute (LP).
* #<PACKAGE "ACL2">
* 
Project-dir-alist:
((:SYSTEM . "/home/acl2/books/")).
Type :help for help.
Type (quit) to quit completely out of ACL2.

ACL2 !><state>
ACL2 !> "ACL2"
ACL2 !> (:EXIT 1)
ACL2 !> (PROVE PROOF-TREE
        WARNING OBSERVATION EVENT HISTORY)
ACL2 !> T
ACL2 !>GC-VERBOSE is not supported in this Common Lisp.
Contact the ACL2 developers if you would like to help add such support.
NIL
ACL2 !> "ACL2"
ACL2 !>
Project-dir-alist:
((:SYSTEM . "/home/acl2/books/")).
Type :help for help.
Type (quit) to quit completely out of ACL2.

ACL2 !>> "ACL2"
ACL2 !>>
Summary
Form:  ( INCLUDE-BOOK "std/portcullis" ...)
Rules: NIL
Time:  0.02 seconds (prove: 0.00, print: 0.00, other: 0.02)
 "/home/acl2/books/std/portcullis.lisp"
ACL2 !>>
Summary
Form:  ( DEFPKG "ACL2-KERNEL" ...)
Rules: NIL
Time:  0.00 seconds (prove: 0.00, print: 0.00, other: 0.00)
 "ACL2-KERNEL"
ACL2 !>>
Summary
Form:  ( DEFMACRO ACL2-KERNEL::INCLUDE-BOOK ...)
Rules: NIL
Time:  0.00 seconds (prove: 0.00, print: 0.00, other: 0.00)
 ACL2-KERNEL::INCLUDE-BOOK
ACL2 !>>Bye.
 :EOF
ACL2 !> T
ACL2 !> :CONTINUE
ACL2 !>


Summary
Form:  (CERTIFY-BOOK "portcullis" ...)
Rules: NIL
Time:  0.00 seconds (prove: 0.00, print: 0.00, other: 0.00)
; (EV-REC *RETURN-LAST-ARG3* ...) took 
; 0.00 seconds realtime, 0.00 seconds runtime
; (6,180,608 bytes allocated).
Exit code from ACL2 is 43
-rw-r--r-- 1 jovyan users 1578 Jan 16 02:40 portcullis.cert
