"-*- Mode: auto-revert -*-"
/workspaces/acl2-jupyter/books/acl2-kernel
HOST: 685e4b1a4e86

Environment variables:
ACL2_CUSTOMIZATION=NONE
ACL2_SYSTEM_BOOKS=/home/acl2/books
ACL2=/home/acl2/saved_acl2
ACL2_USELESS_RUNES=-25

Temp lisp file:
(acl2::value :q)
(acl2::in-package "ACL2")
; see github issue #638 (waterfall-parallelism and profiling): 
#+(and hons (not acl2-par)) (profile-fn 'prove)
#+(and hons (not acl2-par)) (profile-fn 'certify-book-fn)
#+(and hons (not acl2-par)) (profile-fn 'include-book-fn)
(acl2::lp)
(set-debugger-enable :bt)
(acl2::in-package "ACL2")

(set-ld-error-action (quote (:exit 1)) state)
(set-inhibit-output-lst (list (quote prove) (quote proof-tree) (quote warning) (quote observation) (quote event) (quote history)))

(acl2::assign acl2::get-internal-time-as-realtime acl2::t)
#-cmucl (acl2::gc-verbose t)
; instructions from .acl2 file cert.acl2:
; ACL2 Jupyter Kernel
; Copyright (C) 2026
;
; License: MIT

(include-book "portcullis")
; cert-flags: ? t :ttags :all


; Prevent reset-prehistory while loading .port files
(acl2::assign acl2::skip-reset-prehistory acl2::t)
; portculli for included books:
(acl2::ld "xdoc/top.port" :dir :SYSTEM :ld-missing-input-ok t :ld-always-skip-top-level-locals t)
(acl2::ld "tools/include-raw.port" :dir :SYSTEM :ld-missing-input-ok t :ld-always-skip-top-level-locals t)
(acl2::ld "std/strings/top.port" :dir :SYSTEM :ld-missing-input-ok t :ld-always-skip-top-level-locals t)
(acl2::ld "kestrel/json-parser/parse-json.port" :dir :SYSTEM :ld-missing-input-ok t :ld-always-skip-top-level-locals t)
(acl2::ld "centaur/bridge/to-json.port" :dir :SYSTEM :ld-missing-input-ok t :ld-always-skip-top-level-locals t)
(acl2::ld "connection.port" :ld-missing-input-ok t :ld-always-skip-top-level-locals t)
(acl2::ld "message.port" :ld-missing-input-ok t :ld-always-skip-top-level-locals t)
(acl2::ld "kernel.port" :ld-missing-input-ok t :ld-always-skip-top-level-locals t)
(acl2::ld "pzmq.port" :ld-missing-input-ok t :ld-always-skip-top-level-locals t)
(acl2::ld "quicklisp/bordeaux.port" :dir :SYSTEM :ld-missing-input-ok t :ld-always-skip-top-level-locals t)
#!ACL2 (set-ld-error-action (quote :continue) state)

; certify-book command flags: ? t :ttags :all
#!ACL2 (er-progn (time$ (certify-book "top" ? t :ttags :all  ))
                                 (value (prog2$ #+hons (memsum)
                                                 #-hons nil
                                                 (exit 43))))
--- End temp lisp file ---

TARGET: top
STEP: certify
Start of output:

This is SBCL 2.5.11, an implementation of ANSI Common Lisp.
More information about SBCL is available at <http://www.sbcl.org/>.

SBCL is free software, provided as is, with absolutely no warranty.
It is mostly in the public domain; some portions are provided under
BSD-style licenses.  See the CREDITS and COPYING files in the
distribution for more information.

 ++++++++++++++++++++++++++++++++++++++++++++++++++++++++++++++++++++++++
 + ACL2 Version 8.6+ (a development snapshot based on ACL2 Version 8.6) +
 +   built January 15, 2026  05:18:19.                                  +
 +   (Note from the environment when this executable was saved:         +
 +    jimwhite/acl2 git commit hash: e1e49a9082e4cbbb9667a065762dea73c03f904d) +
 + Copyright (C) 2026, Regents of the University of Texas.              +
 + ACL2 comes with ABSOLUTELY NO WARRANTY.  This is free software and   +
 + you are welcome to redistribute it under certain conditions.  For    +
 + details, see the LICENSE file distributed with ACL2.                 +
 ++++++++++++++++++++++++++++++++++++++++++++++++++++++++++++++++++++++++

Project-dir-alist:
((:SYSTEM . "/home/acl2/books/")).
Type :help for help.
Type (quit) to quit completely out of ACL2.

ACL2 !>
Exiting the ACL2 read-eval-print loop.  To re-enter, execute (LP).
* #<PACKAGE "ACL2">
* 
Project-dir-alist:
((:SYSTEM . "/home/acl2/books/")).
Type :help for help.
Type (quit) to quit completely out of ACL2.

ACL2 !><state>
ACL2 !> "ACL2"
ACL2 !> (:EXIT 1)
ACL2 !> (PROVE PROOF-TREE
        WARNING OBSERVATION EVENT HISTORY)
ACL2 !> T
ACL2 !>GC-VERBOSE is not supported in this Common Lisp.
Contact the ACL2 developers if you would like to help add such support.
NIL
ACL2 !>
Summary
Form:  ( INCLUDE-BOOK "portcullis" ...)
Rules: NIL
Time:  0.03 seconds (prove: 0.00, print: 0.00, other: 0.03)
 "/workspaces/acl2-jupyter/books/acl2-kernel/portcullis.lisp"
ACL2 !> T
ACL2 !>
Project-dir-alist:
((:SYSTEM . "/home/acl2/books/")).
Type :help for help.
Type (quit) to quit completely out of ACL2.

ACL2 !>> "ACL2"
ACL2 !>>
The event ( INCLUDE-BOOK "std/portcullis" ...) is redundant.  See :DOC
redundant-events.

Summary
Form:  ( INCLUDE-BOOK "std/portcullis" ...)
Rules: NIL
Time:  0.00 seconds (prove: 0.00, print: 0.00, other: 0.00)
 :REDUNDANT
ACL2 !>>Bye.
 :EOF
ACL2 !>
Project-dir-alist:
((:SYSTEM . "/home/acl2/books/")).
Type :help for help.
Type (quit) to quit completely out of ACL2.

ACL2 !>> "ACL2"
ACL2 !>>
The event ( INCLUDE-BOOK "std/portcullis" ...) is redundant.  See :DOC
redundant-events.

Summary
Form:  ( INCLUDE-BOOK "std/portcullis" ...)
Rules: NIL
Time:  0.00 seconds (prove: 0.00, print: 0.00, other: 0.00)
 :REDUNDANT
ACL2 !>>Bye.
 :EOF
ACL2 !>
Project-dir-alist:
((:SYSTEM . "/home/acl2/books/")).
Type :help for help.
Type (quit) to quit completely out of ACL2.

ACL2 !>> "ACL2"
ACL2 !>>
The event ( INCLUDE-BOOK "std/portcullis" ...) is redundant.  See :DOC
redundant-events.

Summary
Form:  ( INCLUDE-BOOK "std/portcullis" ...)
Rules: NIL
Time:  0.00 seconds (prove: 0.00, print: 0.00, other: 0.00)
 :REDUNDANT
ACL2 !>>
Summary
Form:  ( INCLUDE-BOOK "cowles/portcullis" ...)
Rules: NIL
Time:  0.01 seconds (prove: 0.00, print: 0.00, other: 0.01)
 "/home/acl2/books/cowles/portcullis.lisp"
ACL2 !>>
Summary
Form:  ( INCLUDE-BOOK "data-structures/portcullis" ...)
Rules: NIL
Time:  0.02 seconds (prove: 0.00, print: 0.00, other: 0.02)
 "/home/acl2/books/data-structures/portcullis.lisp"
ACL2 !>>
Summary
Form:  ( INCLUDE-BOOK "centaur/fty/portcullis" ...)
Rules: NIL
Time:  0.01 seconds (prove: 0.00, print: 0.00, other: 0.01)
 "/home/acl2/books/centaur/fty/portcullis.lisp"
ACL2 !>>
Summary
Form:  ( INCLUDE-BOOK "std/typed-lists/portcullis" ...)
Rules: NIL
Time:  0.00 seconds (prove: 0.00, print: 0.00, other: 0.00)
 "/home/acl2/books/std/typed-lists/portcullis.lisp"
ACL2 !>>Bye.
 :EOF
ACL2 !>
Project-dir-alist:
((:SYSTEM . "/home/acl2/books/")).
Type :help for help.
Type (quit) to quit completely out of ACL2.

ACL2 !>> "ACL2"
ACL2 !>>
The event ( INCLUDE-BOOK "std/portcullis" ...) is redundant.  See :DOC
redundant-events.

Summary
Form:  ( INCLUDE-BOOK "std/portcullis" ...)
Rules: NIL
Time:  0.00 seconds (prove: 0.00, print: 0.00, other: 0.00)
 :REDUNDANT
ACL2 !>>
The event ( INCLUDE-BOOK "cowles/portcullis" ...) is redundant.  See
:DOC redundant-events.

Summary
Form:  ( INCLUDE-BOOK "cowles/portcullis" ...)
Rules: NIL
Time:  0.00 seconds (prove: 0.00, print: 0.00, other: 0.00)
 :REDUNDANT
ACL2 !>>
The event ( INCLUDE-BOOK "data-structures/portcullis" ...) is redundant.
See :DOC redundant-events.

Summary
Form:  ( INCLUDE-BOOK "data-structures/portcullis" ...)
Rules: NIL
Time:  0.00 seconds (prove: 0.00, print: 0.00, other: 0.00)
 :REDUNDANT
ACL2 !>>Bye.
 :EOF
ACL2 !>
Project-dir-alist:
((:SYSTEM . "/home/acl2/books/")).
Type :help for help.
Type (quit) to quit completely out of ACL2.

ACL2 !>> "ACL2"
ACL2 !>>
Summary
Form:  ( INCLUDE-BOOK "portcullis" ...)
Rules: NIL
Time:  0.00 seconds (prove: 0.00, print: 0.00, other: 0.00)
 "/home/acl2/books/centaur/bridge/portcullis.lisp"
ACL2 !>>
The event ( INCLUDE-BOOK "cowles/portcullis" ...) is redundant.  See
:DOC redundant-events.

Summary
Form:  ( INCLUDE-BOOK "cowles/portcullis" ...)
Rules: NIL
Time:  0.00 seconds (prove: 0.00, print: 0.00, other: 0.00)
 :REDUNDANT
ACL2 !>>
The event ( INCLUDE-BOOK "data-structures/portcullis" ...) is redundant.
See :DOC redundant-events.

Summary
Form:  ( INCLUDE-BOOK "data-structures/portcullis" ...)
Rules: NIL
Time:  0.00 seconds (prove: 0.00, print: 0.00, other: 0.00)
 :REDUNDANT
ACL2 !>>
The event ( INCLUDE-BOOK "centaur/fty/portcullis" ...) is redundant.
See :DOC redundant-events.

Summary
Form:  ( INCLUDE-BOOK "centaur/fty/portcullis" ...)
Rules: NIL
Time:  0.00 seconds (prove: 0.00, print: 0.00, other: 0.00)
 :REDUNDANT
ACL2 !>>
The event ( INCLUDE-BOOK "std/typed-lists/portcullis" ...) is redundant.
See :DOC redundant-events.

Summary
Form:  ( INCLUDE-BOOK "std/typed-lists/portcullis" ...)
Rules: NIL
Time:  0.00 seconds (prove: 0.00, print: 0.00, other: 0.00)
 :REDUNDANT
ACL2 !>>Bye.
 :EOF
ACL2 !>
Project-dir-alist:
((:SYSTEM . "/home/acl2/books/")).
Type :help for help.
Type (quit) to quit completely out of ACL2.

ACL2 !>> "ACL2"
ACL2 !>>
The event ( INCLUDE-BOOK "portcullis" ...) is redundant.  See :DOC
redundant-events.

Summary
Form:  ( INCLUDE-BOOK "portcullis" ...)
Rules: NIL
Time:  0.00 seconds (prove: 0.00, print: 0.00, other: 0.00)
 :REDUNDANT
ACL2 !>>
The event ( INCLUDE-BOOK "cowles/portcullis" ...) is redundant.  See
:DOC redundant-events.

Summary
Form:  ( INCLUDE-BOOK "cowles/portcullis" ...)
Rules: NIL
Time:  0.00 seconds (prove: 0.00, print: 0.00, other: 0.00)
 :REDUNDANT
ACL2 !>>
The event ( INCLUDE-BOOK "data-structures/portcullis" ...) is redundant.
See :DOC redundant-events.

Summary
Form:  ( INCLUDE-BOOK "data-structures/portcullis" ...)
Rules: NIL
Time:  0.00 seconds (prove: 0.00, print: 0.00, other: 0.00)
 :REDUNDANT
ACL2 !>>
The event ( INCLUDE-BOOK "centaur/fty/portcullis" ...) is redundant.
See :DOC redundant-events.

Summary
Form:  ( INCLUDE-BOOK "centaur/fty/portcullis" ...)
Rules: NIL
Time:  0.00 seconds (prove: 0.00, print: 0.00, other: 0.00)
 :REDUNDANT
ACL2 !>>Bye.
 :EOF
ACL2 !>
Project-dir-alist:
((:SYSTEM . "/home/acl2/books/")).
Type :help for help.
Type (quit) to quit completely out of ACL2.

ACL2 !>> "ACL2"
ACL2 !>>
The event ( INCLUDE-BOOK "portcullis" ...) is redundant.  See :DOC
redundant-events.

Summary
Form:  ( INCLUDE-BOOK "portcullis" ...)
Rules: NIL
Time:  0.00 seconds (prove: 0.00, print: 0.00, other: 0.00)
 :REDUNDANT
ACL2 !>>
The event ( INCLUDE-BOOK "centaur/bridge/portcullis" ...) is redundant.
See :DOC redundant-events.

Summary
Form:  ( INCLUDE-BOOK "centaur/bridge/portcullis" ...)
Rules: NIL
Time:  0.00 seconds (prove: 0.00, print: 0.00, other: 0.00)
 :REDUNDANT
ACL2 !>>
The event ( INCLUDE-BOOK "cowles/portcullis" ...) is redundant.  See
:DOC redundant-events.

Summary
Form:  ( INCLUDE-BOOK "cowles/portcullis" ...)
Rules: NIL
Time:  0.00 seconds (prove: 0.00, print: 0.00, other: 0.00)
 :REDUNDANT
ACL2 !>>
The event ( INCLUDE-BOOK "data-structures/portcullis" ...) is redundant.
See :DOC redundant-events.

Summary
Form:  ( INCLUDE-BOOK "data-structures/portcullis" ...)
Rules: NIL
Time:  0.00 seconds (prove: 0.00, print: 0.00, other: 0.00)
 :REDUNDANT
ACL2 !>>
The event ( INCLUDE-BOOK "centaur/fty/portcullis" ...) is redundant.
See :DOC redundant-events.

Summary
Form:  ( INCLUDE-BOOK "centaur/fty/portcullis" ...)
Rules: NIL
Time:  0.00 seconds (prove: 0.00, print: 0.00, other: 0.00)
 :REDUNDANT
ACL2 !>>
The event ( INCLUDE-BOOK "std/typed-lists/portcullis" ...) is redundant.
See :DOC redundant-events.

Summary
Form:  ( INCLUDE-BOOK "std/typed-lists/portcullis" ...)
Rules: NIL
Time:  0.00 seconds (prove: 0.00, print: 0.00, other: 0.00)
 :REDUNDANT
ACL2 !>>Bye.
 :EOF
ACL2 !>
Project-dir-alist:
((:SYSTEM . "/home/acl2/books/")).
Type :help for help.
Type (quit) to quit completely out of ACL2.

ACL2 !>> "ACL2"
ACL2 !>>
The event ( INCLUDE-BOOK "portcullis" ...) is redundant.  See :DOC
redundant-events.

Summary
Form:  ( INCLUDE-BOOK "portcullis" ...)
Rules: NIL
Time:  0.00 seconds (prove: 0.00, print: 0.00, other: 0.00)
 :REDUNDANT
ACL2 !>>
The event ( INCLUDE-BOOK "cowles/portcullis" ...) is redundant.  See
:DOC redundant-events.

Summary
Form:  ( INCLUDE-BOOK "cowles/portcullis" ...)
Rules: NIL
Time:  0.00 seconds (prove: 0.00, print: 0.00, other: 0.00)
 :REDUNDANT
ACL2 !>>
The event ( INCLUDE-BOOK "data-structures/portcullis" ...) is redundant.
See :DOC redundant-events.

Summary
Form:  ( INCLUDE-BOOK "data-structures/portcullis" ...)
Rules: NIL
Time:  0.00 seconds (prove: 0.00, print: 0.00, other: 0.00)
 :REDUNDANT
ACL2 !>>
The event ( INCLUDE-BOOK "centaur/fty/portcullis" ...) is redundant.
See :DOC redundant-events.

Summary
Form:  ( INCLUDE-BOOK "centaur/fty/portcullis" ...)
Rules: NIL
Time:  0.00 seconds (prove: 0.00, print: 0.00, other: 0.00)
 :REDUNDANT
ACL2 !>>
The event ( INCLUDE-BOOK "centaur/bridge/portcullis" ...) is redundant.
See :DOC redundant-events.

Summary
Form:  ( INCLUDE-BOOK "centaur/bridge/portcullis" ...)
Rules: NIL
Time:  0.00 seconds (prove: 0.00, print: 0.00, other: 0.00)
 :REDUNDANT
ACL2 !>>
The event ( INCLUDE-BOOK "std/typed-lists/portcullis" ...) is redundant.
See :DOC redundant-events.

Summary
Form:  ( INCLUDE-BOOK "std/typed-lists/portcullis" ...)
Rules: NIL
Time:  0.00 seconds (prove: 0.00, print: 0.00, other: 0.00)
 :REDUNDANT
ACL2 !>>Bye.
 :EOF
ACL2 !>
Project-dir-alist:
((:SYSTEM . "/home/acl2/books/")).
Type :help for help.
Type (quit) to quit completely out of ACL2.

ACL2 !>> "ACL2"
ACL2 !>>
The event ( INCLUDE-BOOK "portcullis" ...) is redundant.  See :DOC
redundant-events.

Summary
Form:  ( INCLUDE-BOOK "portcullis" ...)
Rules: NIL
Time:  0.00 seconds (prove: 0.00, print: 0.00, other: 0.00)
 :REDUNDANT
ACL2 !>>Bye.
 :EOF
ACL2 !>
Project-dir-alist:
((:SYSTEM . "/home/acl2/books/")).
Type :help for help.
Type (quit) to quit completely out of ACL2.

ACL2 !>> "ACL2"
ACL2 !>>
The event ( INCLUDE-BOOK "std/portcullis" ...) is redundant.  See :DOC
redundant-events.

Summary
Form:  ( INCLUDE-BOOK "std/portcullis" ...)
Rules: NIL
Time:  0.00 seconds (prove: 0.00, print: 0.00, other: 0.00)
 :REDUNDANT
ACL2 !>>Bye.
 :EOF
ACL2 !> :CONTINUE
ACL2 !>
Summary
Form:  ( ACL2::INCLUDE-BOOK "xdoc/top" ...)
Rules: NIL
Time:  0.00 seconds (prove: 0.00, print: 0.00, other: 0.00)
"/home/acl2/books/xdoc/top.lisp"

Summary
Form:  ( ACL2::INCLUDE-BOOK "tools/include-raw" ...)
Rules: NIL
Time:  0.00 seconds (prove: 0.00, print: 0.00, other: 0.00)
"/home/acl2/books/tools/include-raw.lisp"

Summary
Form:  ( ACL2::INCLUDE-BOOK "std/strings/top" ...)
Rules: NIL
Time:  0.31 seconds (prove: 0.00, print: 0.00, other: 0.31)
"/home/acl2/books/std/strings/top.lisp"

Summary
Form:  ( ACL2::INCLUDE-BOOK "kestrel/json-parser/parse-json" ...)
Rules: NIL
Time:  0.01 seconds (prove: 0.00, print: 0.00, other: 0.01)
"/home/acl2/books/kestrel/json-parser/parse-json.lisp"

Summary
Form:  ( ACL2::INCLUDE-BOOK "centaur/bridge/to-json" ...)
Rules: NIL
Time:  0.01 seconds (prove: 0.00, print: 0.00, other: 0.01)
"/home/acl2/books/centaur/bridge/to-json.lisp"

Summary
Form:  ( ACL2::INCLUDE-BOOK "connection" ...)
Rules: NIL
Time:  0.01 seconds (prove: 0.00, print: 0.00, other: 0.01)
"/workspaces/acl2-jupyter/books/acl2-kernel/connection.lisp"

Summary
Form:  ( ACL2::INCLUDE-BOOK "message" ...)
Rules: NIL
Time:  0.02 seconds (prove: 0.00, print: 0.00, other: 0.02)
"/workspaces/acl2-jupyter/books/acl2-kernel/message.lisp"

Summary
Form:  ( ACL2::INCLUDE-BOOK "kernel" ...)
Rules: NIL
Time:  0.01 seconds (prove: 0.00, print: 0.00, other: 0.01)
"/workspaces/acl2-jupyter/books/acl2-kernel/kernel.lisp"

TTAG NOTE (for included book): Adding ttag :QUICKLISP from book /home/acl2/books/quicklisp/base.

TTAG NOTE (for included book): Adding ttag :ACL2-KERNEL-PZMQ from book /workspaces/acl2-jupyter/books/acl2-kernel/pzmq.

Summary
Form:  ( ACL2::INCLUDE-BOOK "pzmq" ...)
Rules: NIL
Time:  0.15 seconds (prove: 0.00, print: 0.00, other: 0.15)
"/workspaces/acl2-jupyter/books/acl2-kernel/pzmq.lisp"

TTAG NOTE (for included book): Adding ttag :QUICKLISP from book /home/acl2/books/quicklisp/base.

TTAG NOTE (for included book): Adding ttag :QUICKLISP.BORDEAUX from book /home/acl2/books/quicklisp/bordeaux.

Summary
Form:  ( ACL2::INCLUDE-BOOK "quicklisp/bordeaux" ...)
Rules: NIL
Time:  0.02 seconds (prove: 0.00, print: 0.00, other: 0.02)
"/home/acl2/books/quicklisp/bordeaux.lisp"

TTAG NOTE: Adding ttag :ACL2-KERNEL-RAW from book /workspaces/acl2-jupyter/books/acl2-kernel/top.
:ACL2-KERNEL-RAW

Summary
Form:  ( PROGN! (SET-RAW-MODE T) ...)
Rules: NIL
Time:  0.00 seconds (prove: 0.00, print: 0.00, other: 0.00)
NIL

Summary
Form:  ( PROGN! (SET-RAW-MODE T) ...)
Rules: NIL
Time:  0.00 seconds (prove: 0.00, print: 0.00, other: 0.00)

Summary
Form:  ( MAKE-EVENT (MV-LET ...))
Rules: NIL
Time:  0.00 seconds (prove: 0.00, print: 0.00, other: 0.00)
:INVISIBLE

Summary
Form:  ( PROGN! (SET-RAW-MODE T) ...)
Rules: NIL
Time:  0.04 seconds (prove: 0.00, print: 0.00, other: 0.04)
NIL

Summary
Form:  ( PROGN (PROGN! ...) ...)
Rules: NIL
Time:  0.05 seconds (prove: 0.00, print: 0.00, other: 0.05)
NIL
(DEFXDOC ACL2-KERNEL)



Summary
Form:  (CERTIFY-BOOK "top" ...)
Rules: NIL
Time:  0.61 seconds (prove: 0.00, print: 0.00, other: 0.61)
; (EV-REC *RETURN-LAST-ARG3* ...) took 
; 0.61 seconds realtime, 0.60 seconds runtime
; (377,710,688 bytes allocated).
Exit code from ACL2 is 43
-rw-r--r-- 1 jovyan users 53554 Jan 16 02:50 top.cert
